TN:
SF:/home/travis/build/felixfbecker/vscode-php-debug/src/dbgp.ts
FN:11,(anonymous_0)
FN:22,(anonymous_1)
FN:28,(anonymous_2)
FN:29,(anonymous_3)
FN:30,(anonymous_4)
FN:33,(anonymous_5)
FN:74,(anonymous_6)
FN:77,(anonymous_7)
FN:80,(anonymous_8)
FN:106,(anonymous_9)
FN:107,(anonymous_10)
FN:109,(anonymous_11)
FN:119,(anonymous_12)
FN:120,(anonymous_13)
FNF:14
FNH:11
FNDA:26,(anonymous_0)
FNDA:25,(anonymous_1)
FNDA:158,(anonymous_2)
FNDA:0,(anonymous_3)
FNDA:21,(anonymous_4)
FNDA:354,(anonymous_5)
FNDA:0,(anonymous_6)
FNDA:3,(anonymous_7)
FNDA:0,(anonymous_8)
FNDA:138,(anonymous_9)
FNDA:138,(anonymous_10)
FNDA:138,(anonymous_11)
FNDA:34,(anonymous_12)
FNDA:34,(anonymous_13)
DA:3,26
DA:4,26
DA:5,26
DA:8,26
DA:11,26
DA:14,26
DA:23,25
DA:24,25
DA:25,25
DA:26,25
DA:27,25
DA:28,158
DA:29,25
DA:30,25
DA:36,354
DA:38,176
DA:39,176
DA:41,176
DA:42,176
DA:43,176
DA:44,176
DA:46,176
DA:47,176
DA:49,176
DA:51,176
DA:53,176
DA:54,176
DA:58,0
DA:59,0
DA:61,178
DA:63,178
DA:66,176
DA:67,176
DA:68,176
DA:69,176
DA:71,176
DA:72,176
DA:75,0
DA:78,3
DA:81,0
DA:85,176
DA:86,176
DA:88,176
DA:89,176
DA:91,176
DA:93,176
DA:95,20
DA:96,20
DA:100,2
DA:101,2
DA:107,138
DA:108,138
DA:109,138
DA:110,138
DA:113,0
DA:120,34
DA:121,34
DA:122,34
LF:58
LH:53
BRDA:11,0,0,26
BRDA:11,0,1,26
BRDA:36,1,0,176
BRDA:36,1,1,178
BRDA:39,2,0,176
BRDA:39,2,1,0
BRDA:51,3,0,176
BRDA:51,3,1,0
BRDA:61,4,0,178
BRDA:61,4,1,0
BRDA:63,5,0,176
BRDA:63,5,1,2
BRDA:78,6,0,0
BRDA:78,6,1,3
BRDA:81,7,0,0
BRDA:81,7,1,0
BRDA:93,8,0,20
BRDA:93,8,1,156
BRDA:108,9,0,138
BRDA:108,9,1,0
BRF:20
BRH:13
end_of_record
TN:
SF:/home/travis/build/felixfbecker/vscode-php-debug/src/paths.ts
FN:9,convertDebuggerPathToClient
FN:33,convertClientPathToDebugger
FN:55,isWindowsUri
FN:59,isSameUri
FNF:4
FNH:4
FNDA:27,convertDebuggerPathToClient
FNDA:19,convertClientPathToDebugger
FNDA:10,isWindowsUri
FNDA:6,isSameUri
DA:2,26
DA:3,26
DA:4,26
DA:5,26
DA:6,26
DA:9,26
DA:10,27
DA:11,7
DA:14,27
DA:16,27
DA:17,27
DA:18,1
DA:21,27
DA:23,2
DA:25,2
DA:27,25
DA:29,27
DA:33,26
DA:34,19
DA:36,19
DA:37,4
DA:38,4
DA:39,4
DA:41,4
DA:42,4
DA:43,4
DA:46,4
DA:48,4
DA:50,15
DA:52,19
DA:56,10
DA:59,26
DA:60,6
DA:62,2
DA:64,4
LF:35
LH:35
BRDA:10,0,0,7
BRDA:10,0,1,20
BRDA:17,1,0,1
BRDA:17,1,1,26
BRDA:21,2,0,2
BRDA:21,2,1,25
BRDA:21,3,0,27
BRDA:21,3,1,2
BRDA:23,4,0,1
BRDA:23,4,1,1
BRDA:36,5,0,4
BRDA:36,5,1,15
BRDA:36,6,0,19
BRDA:36,6,1,4
BRDA:38,7,0,4
BRDA:38,7,1,0
BRDA:42,8,0,4
BRDA:42,8,1,0
BRDA:60,9,0,2
BRDA:60,9,1,4
BRDA:60,10,0,6
BRDA:60,10,1,4
BRF:22
BRH:20
end_of_record
TN:
SF:/home/travis/build/felixfbecker/vscode-php-debug/src/phpDebug.ts
FN:24,formatPropertyValue
FN:140,(anonymous_7)
FN:147,(anonymous_8)
FN:180,(anonymous_9)
FN:185,(anonymous_10)
FN:188,(anonymous_12)
FN:190,(anonymous_14)
FN:190,(anonymous_15)
FN:200,(anonymous_16)
FN:206,(anonymous_17)
FN:209,(anonymous_18)
FN:213,(anonymous_19)
FN:216,(anonymous_20)
FN:223,(anonymous_21)
FN:223,(anonymous_22)
FN:225,(anonymous_23)
FN:225,(anonymous_24)
FN:234,(anonymous_25)
FN:248,(anonymous_26)
FN:258,(anonymous_27)
FN:268,(anonymous_28)
FN:272,(anonymous_29)
FN:292,(anonymous_30)
FN:308,(anonymous_32)
FN:329,(anonymous_33)
FN:337,(anonymous_34)
FN:345,(anonymous_35)
FN:355,(anonymous_36)
FN:374,(anonymous_37)
FN:384,(anonymous_39)
FN:388,(anonymous_40)
FN:396,(anonymous_41)
FN:396,(anonymous_42)
FN:403,(anonymous_43)
FN:405,(anonymous_44)
FN:408,(anonymous_45)
FN:408,(anonymous_46)
FN:433,(anonymous_47)
FN:436,(anonymous_49)
FN:436,(anonymous_50)
FN:440,(anonymous_51)
FN:440,(anonymous_52)
FN:442,(anonymous_53)
FN:451,(anonymous_54)
FN:458,(anonymous_56)
FN:462,(anonymous_57)
FN:462,(anonymous_58)
FN:465,(anonymous_59)
FN:465,(anonymous_60)
FN:467,(anonymous_61)
FN:467,(anonymous_62)
FN:492,(anonymous_63)
FN:495,(anonymous_65)
FN:519,(anonymous_66)
FN:525,(anonymous_67)
FN:531,(anonymous_68)
FN:570,(anonymous_70)
FN:603,(anonymous_71)
FN:622,(anonymous_73)
FN:639,(anonymous_75)
FN:662,(anonymous_76)
FN:702,(anonymous_78)
FN:735,(anonymous_79)
FN:757,(anonymous_81)
FN:776,(anonymous_83)
FN:795,(anonymous_85)
FN:814,(anonymous_87)
FN:818,(anonymous_88)
FN:820,(anonymous_90)
FN:820,(anonymous_91)
FN:823,(anonymous_92)
FN:830,(anonymous_93)
FN:844,(anonymous_94)
FNF:73
FNH:56
FNDA:151,formatPropertyValue
FNDA:25,(anonymous_7)
FNDA:24,(anonymous_8)
FNDA:0,(anonymous_9)
FNDA:23,(anonymous_10)
FNDA:46,(anonymous_12)
FNDA:23,(anonymous_14)
FNDA:23,(anonymous_15)
FNDA:0,(anonymous_16)
FNDA:19,(anonymous_17)
FNDA:12,(anonymous_18)
FNDA:22,(anonymous_19)
FNDA:0,(anonymous_20)
FNDA:22,(anonymous_21)
FNDA:22,(anonymous_22)
FNDA:21,(anonymous_23)
FNDA:21,(anonymous_24)
FNDA:21,(anonymous_25)
FNDA:0,(anonymous_26)
FNDA:12,(anonymous_27)
FNDA:0,(anonymous_28)
FNDA:22,(anonymous_29)
FNDA:40,(anonymous_30)
FNDA:4,(anonymous_32)
FNDA:156,(anonymous_33)
FNDA:136,(anonymous_34)
FNDA:156,(anonymous_35)
FNDA:2,(anonymous_36)
FNDA:13,(anonymous_37)
FNDA:0,(anonymous_39)
FNDA:14,(anonymous_40)
FNDA:13,(anonymous_41)
FNDA:13,(anonymous_42)
FNDA:2,(anonymous_43)
FNDA:2,(anonymous_44)
FNDA:14,(anonymous_45)
FNDA:14,(anonymous_46)
FNDA:5,(anonymous_47)
FNDA:5,(anonymous_49)
FNDA:5,(anonymous_50)
FNDA:0,(anonymous_51)
FNDA:0,(anonymous_52)
FNDA:5,(anonymous_53)
FNDA:1,(anonymous_54)
FNDA:0,(anonymous_56)
FNDA:1,(anonymous_57)
FNDA:1,(anonymous_58)
FNDA:0,(anonymous_59)
FNDA:0,(anonymous_60)
FNDA:1,(anonymous_61)
FNDA:1,(anonymous_62)
FNDA:20,(anonymous_63)
FNDA:20,(anonymous_65)
FNDA:0,(anonymous_66)
FNDA:0,(anonymous_67)
FNDA:19,(anonymous_68)
FNDA:19,(anonymous_70)
FNDA:0,(anonymous_71)
FNDA:6,(anonymous_73)
FNDA:18,(anonymous_75)
FNDA:9,(anonymous_76)
FNDA:150,(anonymous_78)
FNDA:8,(anonymous_79)
FNDA:0,(anonymous_81)
FNDA:0,(anonymous_83)
FNDA:0,(anonymous_85)
FNDA:1,(anonymous_87)
FNDA:26,(anonymous_88)
FNDA:13,(anonymous_90)
FNDA:13,(anonymous_91)
FNDA:13,(anonymous_92)
FNDA:23,(anonymous_93)
FNDA:1,(anonymous_94)
DA:1,25
DA:3,25
DA:4,25
DA:5,25
DA:6,25
DA:7,25
DA:8,25
DA:9,25
DA:10,25
DA:11,25
DA:12,25
DA:13,25
DA:15,25
DA:16,0
DA:17,0
DA:26,151
DA:27,13
DA:29,13
DA:30,0
DA:32,0
DA:35,0
DA:39,138
DA:40,138
DA:41,112
DA:42,26
DA:43,4
DA:46,151
DA:102,25
DA:105,25
DA:108,25
DA:111,25
DA:114,25
DA:117,25
DA:120,25
DA:123,25
DA:126,25
DA:129,25
DA:132,25
DA:135,25
DA:138,25
DA:141,25
DA:142,25
DA:143,25
DA:144,25
DA:148,24
DA:177,24
DA:181,0
DA:182,0
DA:186,23
DA:188,46
DA:190,23
DA:191,22
DA:192,22
DA:193,22
DA:194,22
DA:195,22
DA:197,22
DA:198,0
DA:200,0
DA:201,0
DA:204,22
DA:206,22
DA:207,19
DA:209,22
DA:210,12
DA:213,22
DA:214,22
DA:216,22
DA:217,0
DA:219,22
DA:223,23
DA:224,22
DA:225,22
DA:226,21
DA:228,21
DA:229,21
DA:230,0
DA:232,21
DA:233,21
DA:234,21
DA:235,21
DA:236,13
DA:237,0
DA:239,13
DA:240,0
DA:242,13
DA:243,13
DA:244,13
DA:245,13
DA:248,21
DA:249,0
DA:251,21
DA:252,21
DA:253,21
DA:254,21
DA:257,21
DA:258,21
DA:259,12
DA:263,21
DA:265,0
DA:268,22
DA:269,0
DA:270,0
DA:272,22
DA:274,23
DA:275,23
DA:276,22
DA:278,23
DA:279,23
DA:282,1
DA:283,1
DA:285,22
DA:293,40
DA:294,40
DA:295,40
DA:296,8
DA:297,8
DA:298,32
DA:299,8
DA:300,8
DA:301,8
DA:302,24
DA:306,24
DA:308,11
DA:309,4
DA:310,4
DA:311,4
DA:313,7
DA:314,7
DA:315,13
DA:316,1
DA:317,12
DA:318,0
DA:320,12
DA:322,20
DA:323,20
DA:324,20
DA:330,156
DA:331,0
DA:332,0
DA:334,156
DA:338,136
DA:339,0
DA:340,0
DA:342,136
DA:346,156
DA:347,0
DA:348,0
DA:350,156
DA:356,2
DA:357,2
DA:358,2
DA:360,2
DA:361,0
DA:362,2
DA:363,1
DA:365,1
DA:367,2
DA:369,0
DA:375,13
DA:376,13
DA:377,13
DA:379,13
DA:382,13
DA:384,0
DA:386,13
DA:388,13
DA:389,14
DA:390,2
DA:392,12
DA:396,13
DA:399,13
DA:400,13
DA:403,2
DA:405,2
DA:408,14
DA:409,14
DA:410,14
DA:412,14
DA:413,14
DA:417,0
DA:418,0
DA:424,13
DA:426,0
DA:427,0
DA:429,13
DA:434,5
DA:435,5
DA:436,5
DA:438,5
DA:440,5
DA:442,5
DA:445,0
DA:446,0
DA:448,5
DA:452,1
DA:453,1
DA:456,1
DA:458,0
DA:460,1
DA:462,1
DA:464,1
DA:465,1
DA:467,1
DA:468,1
DA:469,1
DA:471,1
DA:472,1
DA:476,0
DA:477,0
DA:483,1
DA:485,0
DA:486,0
DA:488,1
DA:493,20
DA:494,20
DA:495,20
DA:496,20
DA:498,20
DA:500,1
DA:502,19
DA:506,0
DA:507,0
DA:508,0
DA:510,0
DA:512,20
DA:513,20
DA:514,20
DA:523,0
DA:524,0
DA:525,0
DA:527,0
DA:532,19
DA:533,19
DA:534,19
DA:535,0
DA:537,19
DA:542,19
DA:543,19
DA:547,1
DA:548,1
DA:549,1
DA:550,1
DA:552,1
DA:553,1
DA:554,0
DA:555,0
DA:557,0
DA:559,0
DA:562,1
DA:564,1
DA:566,1
DA:567,1
DA:569,18
DA:572,19
DA:573,19
DA:574,19
DA:575,0
DA:576,0
DA:578,0
DA:580,0
DA:583,19
DA:585,19
DA:588,19
DA:590,19
DA:592,19
DA:597,0
DA:598,0
DA:600,19
DA:604,0
DA:605,0
DA:606,0
DA:608,0
DA:609,0
DA:610,0
DA:612,0
DA:614,0
DA:616,0
DA:617,0
DA:619,0
DA:623,6
DA:624,6
DA:625,6
DA:627,0
DA:628,0
DA:629,0
DA:630,0
DA:631,0
DA:634,6
DA:635,6
DA:636,0
DA:638,6
DA:639,6
DA:640,18
DA:643,18
DA:645,18
DA:647,6
DA:648,6
DA:649,0
DA:650,0
DA:651,0
DA:654,6
DA:656,0
DA:657,0
DA:659,6
DA:663,9
DA:664,9
DA:666,9
DA:668,0
DA:669,0
DA:673,0
DA:674,0
DA:679,9
DA:681,5
DA:682,5
DA:683,4
DA:685,4
DA:686,4
DA:687,4
DA:688,3
DA:690,1
DA:693,0
DA:695,0
DA:697,0
DA:698,0
DA:700,0
DA:702,9
DA:703,150
DA:705,150
DA:709,13
DA:710,13
DA:711,13
DA:712,0
DA:713,0
DA:716,137
DA:718,150
DA:724,150
DA:727,9
DA:729,0
DA:730,0
DA:732,9
DA:737,8
DA:738,8
DA:739,8
DA:740,0
DA:742,8
DA:744,0
DA:745,0
DA:746,0
DA:748,0
DA:750,8
DA:753,8
DA:754,8
DA:759,0
DA:760,0
DA:761,0
DA:762,0
DA:764,0
DA:766,0
DA:767,0
DA:768,0
DA:770,0
DA:772,0
DA:773,0
DA:778,0
DA:779,0
DA:780,0
DA:781,0
DA:783,0
DA:785,0
DA:786,0
DA:787,0
DA:789,0
DA:791,0
DA:792,0
DA:797,0
DA:798,0
DA:799,0
DA:800,0
DA:802,0
DA:804,0
DA:805,0
DA:806,0
DA:808,0
DA:810,0
DA:811,0
DA:815,1
DA:819,26
DA:820,26
DA:823,13
DA:824,13
DA:825,13
DA:826,13
DA:829,26
DA:830,23
DA:833,26
DA:834,23
DA:837,0
DA:838,0
DA:840,26
DA:841,26
DA:845,1
DA:846,1
DA:847,0
DA:849,1
DA:850,0
DA:852,1
DA:853,1
DA:854,1
DA:855,1
DA:858,1
DA:859,0
DA:860,0
DA:862,1
DA:864,1
DA:866,0
DA:868,1
DA:870,0
DA:875,25
LF:419
LH:280
BRDA:15,0,0,0
BRDA:15,0,1,25
BRDA:26,1,0,13
BRDA:26,1,1,138
BRDA:26,2,0,151
BRDA:26,2,1,138
BRDA:26,2,2,138
BRDA:27,3,0,13
BRDA:27,3,1,0
BRDA:29,4,0,13
BRDA:29,4,1,0
BRDA:30,5,0,0
BRDA:30,5,1,0
BRDA:30,6,0,0
BRDA:30,6,1,0
BRDA:39,7,0,130
BRDA:39,7,1,8
BRDA:39,8,0,138
BRDA:39,8,1,12
BRDA:40,9,0,112
BRDA:40,9,1,26
BRDA:42,10,0,4
BRDA:42,10,1,22
BRDA:190,11,0,1
BRDA:190,11,1,22
BRDA:191,12,0,22
BRDA:191,12,1,22
BRDA:192,13,0,22
BRDA:192,13,1,22
BRDA:193,14,0,22
BRDA:193,14,1,22
BRDA:194,15,0,22
BRDA:194,15,1,22
BRDA:195,16,0,22
BRDA:195,16,1,22
BRDA:197,17,0,0
BRDA:197,17,1,22
BRDA:229,18,0,0
BRDA:229,18,1,21
BRDA:235,19,0,13
BRDA:235,19,1,8
BRDA:236,20,0,0
BRDA:236,20,1,13
BRDA:239,21,0,0
BRDA:239,21,1,13
BRDA:257,22,0,21
BRDA:257,22,1,15
BRDA:265,23,0,0
BRDA:265,23,1,0
BRDA:272,24,0,22
BRDA:272,24,1,22
BRDA:272,25,0,0
BRDA:272,25,1,22
BRDA:275,26,0,22
BRDA:275,26,1,1
BRDA:278,27,0,23
BRDA:278,27,1,0
BRDA:295,28,0,8
BRDA:295,28,1,32
BRDA:298,29,0,8
BRDA:298,29,1,24
BRDA:302,30,0,24
BRDA:302,30,1,0
BRDA:306,31,0,11
BRDA:306,31,1,13
BRDA:308,32,0,4
BRDA:308,32,1,7
BRDA:308,33,0,11
BRDA:308,33,1,4
BRDA:315,34,0,1
BRDA:315,34,1,12
BRDA:317,35,0,0
BRDA:317,35,1,12
BRDA:330,36,0,0
BRDA:330,36,1,156
BRDA:330,37,0,156
BRDA:330,37,1,106
BRDA:337,38,0,136
BRDA:338,39,0,0
BRDA:338,39,1,136
BRDA:338,40,0,136
BRDA:338,40,1,136
BRDA:338,40,2,0
BRDA:346,41,0,0
BRDA:346,41,1,156
BRDA:346,42,0,156
BRDA:346,42,1,129
BRDA:356,43,0,2
BRDA:356,43,1,0
BRDA:360,44,0,0
BRDA:360,44,1,2
BRDA:362,45,0,1
BRDA:362,45,1,1
BRDA:382,46,0,0
BRDA:382,46,1,13
BRDA:389,47,0,2
BRDA:389,47,1,12
BRDA:403,48,0,2
BRDA:403,48,1,2
BRDA:412,49,0,14
BRDA:412,49,1,0
BRDA:417,50,0,0
BRDA:417,50,1,0
BRDA:456,51,0,0
BRDA:456,51,1,1
BRDA:471,52,0,1
BRDA:471,52,1,0
BRDA:476,53,0,0
BRDA:476,53,1,0
BRDA:477,54,0,0
BRDA:477,54,1,0
BRDA:498,55,0,1
BRDA:498,55,1,19
BRDA:534,56,0,0
BRDA:534,56,1,19
BRDA:543,57,0,1
BRDA:543,57,1,18
BRDA:543,58,0,19
BRDA:543,58,1,1
BRDA:543,58,2,1
BRDA:553,59,0,0
BRDA:553,59,1,1
BRDA:574,60,0,0
BRDA:574,60,1,19
BRDA:578,61,0,0
BRDA:578,61,1,0
BRDA:605,62,0,0
BRDA:605,62,1,0
BRDA:610,63,0,0
BRDA:610,63,1,0
BRDA:625,64,0,0
BRDA:625,64,1,6
BRDA:628,65,0,0
BRDA:628,65,1,0
BRDA:635,66,0,0
BRDA:635,66,1,6
BRDA:648,67,0,0
BRDA:648,67,1,6
BRDA:648,68,0,6
BRDA:648,68,1,6
BRDA:666,69,0,0
BRDA:666,69,1,9
BRDA:673,70,0,0
BRDA:673,70,1,0
BRDA:679,71,0,5
BRDA:679,71,1,4
BRDA:683,72,0,4
BRDA:683,72,1,0
BRDA:686,73,0,4
BRDA:686,73,1,0
BRDA:687,74,0,3
BRDA:687,74,1,1
BRDA:695,75,0,0
BRDA:695,75,1,0
BRDA:698,76,0,0
BRDA:698,76,1,0
BRDA:705,77,0,13
BRDA:705,77,1,137
BRDA:705,78,0,150
BRDA:705,78,1,137
BRDA:705,78,2,137
BRDA:710,79,0,13
BRDA:710,79,1,0
BRDA:712,80,0,0
BRDA:712,80,1,0
BRDA:739,81,0,0
BRDA:739,81,1,8
BRDA:745,82,0,0
BRDA:745,82,1,0
BRDA:761,83,0,0
BRDA:761,83,1,0
BRDA:767,84,0,0
BRDA:767,84,1,0
BRDA:780,85,0,0
BRDA:780,85,1,0
BRDA:786,86,0,0
BRDA:786,86,1,0
BRDA:799,87,0,0
BRDA:799,87,1,0
BRDA:805,88,0,0
BRDA:805,88,1,0
BRDA:829,89,0,23
BRDA:829,89,1,3
BRDA:833,90,0,23
BRDA:833,90,1,3
BRDA:846,91,0,0
BRDA:846,91,1,1
BRDA:849,92,0,0
BRDA:849,92,1,1
BRDA:854,93,0,1
BRDA:854,93,1,0
BRDA:858,94,0,0
BRDA:858,94,1,1
BRDA:858,95,0,1
BRDA:858,95,1,1
BRDA:858,95,2,1
BRF:196
BRH:118
end_of_record
TN:
SF:/home/travis/build/felixfbecker/vscode-php-debug/src/terminal.ts
FN:14,(anonymous_0)
FN:18,(anonymous_1)
FN:25,(anonymous_2)
FN:29,(anonymous_3)
FN:55,(anonymous_4)
FN:59,(anonymous_5)
FN:63,(anonymous_6)
FN:78,(anonymous_7)
FN:103,(anonymous_8)
FN:105,(anonymous_9)
FN:131,(anonymous_10)
FN:136,(anonymous_11)
FN:153,(anonymous_12)
FN:155,(anonymous_13)
FN:179,(anonymous_14)
FN:194,(anonymous_15)
FN:196,(anonymous_16)
FN:225,(anonymous_17)
FN:228,(anonymous_18)
FN:245,extendObject
FNF:20
FNH:0
FNDA:0,(anonymous_0)
FNDA:0,(anonymous_1)
FNDA:0,(anonymous_2)
FNDA:0,(anonymous_3)
FNDA:0,(anonymous_4)
FNDA:0,(anonymous_5)
FNDA:0,(anonymous_6)
FNDA:0,(anonymous_7)
FNDA:0,(anonymous_8)
FNDA:0,(anonymous_9)
FNDA:0,(anonymous_10)
FNDA:0,(anonymous_11)
FNDA:0,(anonymous_12)
FNDA:0,(anonymous_13)
FNDA:0,(anonymous_14)
FNDA:0,(anonymous_15)
FNDA:0,(anonymous_16)
FNDA:0,(anonymous_17)
FNDA:0,(anonymous_18)
FNDA:0,extendObject
DA:6,25
DA:7,25
DA:8,25
DA:10,25
DA:15,0
DA:19,0
DA:26,0
DA:30,0
DA:31,0
DA:32,0
DA:33,0
DA:34,0
DA:35,0
DA:36,0
DA:38,0
DA:41,0
DA:53,25
DA:56,0
DA:63,0
DA:64,0
DA:65,0
DA:66,0
DA:67,0
DA:68,0
DA:70,0
DA:73,0
DA:95,0
DA:101,25
DA:105,0
DA:107,0
DA:108,0
DA:110,0
DA:116,0
DA:118,0
DA:124,0
DA:125,0
DA:127,0
DA:136,0
DA:137,0
DA:138,0
DA:139,0
DA:140,0
DA:142,0
DA:150,25
DA:151,25
DA:155,0
DA:157,0
DA:158,0
DA:159,0
DA:162,0
DA:164,0
DA:171,0
DA:173,0
DA:177,0
DA:178,0
DA:179,0
DA:180,0
DA:181,0
DA:183,0
DA:192,25
DA:196,0
DA:204,0
DA:210,0
DA:211,0
DA:212,0
DA:215,0
DA:216,0
DA:217,0
DA:218,0
DA:222,0
DA:223,0
DA:224,0
DA:225,0
DA:226,0
DA:228,0
DA:229,0
DA:230,0
DA:232,0
DA:233,0
DA:235,0
DA:247,0
DA:248,0
DA:249,0
DA:253,0
LF:84
LH:9
BRDA:30,0,0,0
BRDA:30,0,1,0
BRDA:31,1,0,0
BRDA:31,1,1,0
BRDA:33,2,0,0
BRDA:33,2,1,0
BRDA:35,3,0,0
BRDA:35,3,1,0
BRDA:67,4,0,0
BRDA:67,4,1,0
BRDA:157,5,0,0
BRDA:157,5,1,0
BRDA:180,6,0,0
BRDA:180,6,1,0
BRDA:215,7,0,0
BRDA:215,7,1,0
BRDA:229,8,0,0
BRDA:229,8,1,0
BRDA:232,9,0,0
BRDA:232,9,1,0
BRDA:248,10,0,0
BRDA:248,10,1,0
BRF:22
BRH:0
end_of_record
TN:
SF:/home/travis/build/felixfbecker/vscode-php-debug/src/xdebugConnection.ts
FN:27,(anonymous_6)
FN:41,(anonymous_7)
FN:63,(anonymous_8)
FN:93,(anonymous_9)
FN:133,(anonymous_10)
FN:146,(anonymous_11)
FN:159,(anonymous_12)
FN:174,(anonymous_13)
FN:200,(anonymous_14)
FN:224,(anonymous_15)
FN:251,(anonymous_16)
FN:271,(anonymous_17)
FN:285,(anonymous_18)
FN:287,(anonymous_19)
FN:309,(anonymous_20)
FN:318,(anonymous_21)
FN:331,(anonymous_23)
FN:333,(anonymous_24)
FN:339,(anonymous_25)
FN:357,(anonymous_26)
FN:366,(anonymous_27)
FN:379,(anonymous_29)
FN:381,(anonymous_30)
FN:402,(anonymous_31)
FN:437,(anonymous_32)
FN:442,(anonymous_33)
FN:449,(anonymous_34)
FN:465,(anonymous_36)
FN:467,(anonymous_37)
FN:479,(anonymous_38)
FN:481,(anonymous_39)
FN:488,(anonymous_40)
FN:491,(anonymous_41)
FN:500,(anonymous_42)
FN:512,(anonymous_43)
FN:572,(anonymous_44)
FN:576,(anonymous_45)
FN:580,(anonymous_46)
FN:599,(anonymous_47)
FN:608,(anonymous_48)
FN:609,(anonymous_49)
FN:624,(anonymous_50)
FN:639,(anonymous_52)
FN:648,(anonymous_53)
FN:677,(anonymous_55)
FN:693,(anonymous_57)
FN:704,(anonymous_59)
FN:725,(anonymous_61)
FN:730,(anonymous_63)
FN:737,(anonymous_65)
FN:742,(anonymous_67)
FN:747,(anonymous_69)
FN:752,(anonymous_71)
FN:757,(anonymous_73)
FN:764,(anonymous_75)
FN:768,(anonymous_77)
FN:775,(anonymous_79)
FN:780,(anonymous_81)
FN:785,(anonymous_83)
FN:793,(anonymous_85)
FNF:60
FNH:52
FNDA:21,(anonymous_6)
FNDA:0,(anonymous_7)
FNDA:138,(anonymous_8)
FNDA:53,(anonymous_9)
FNDA:2,(anonymous_10)
FNDA:22,(anonymous_11)
FNDA:2,(anonymous_12)
FNDA:14,(anonymous_13)
FNDA:1,(anonymous_14)
FNDA:5,(anonymous_15)
FNDA:2,(anonymous_16)
FNDA:20,(anonymous_17)
FNDA:19,(anonymous_18)
FNDA:2,(anonymous_19)
FNDA:19,(anonymous_20)
FNDA:6,(anonymous_21)
FNDA:19,(anonymous_23)
FNDA:19,(anonymous_24)
FNDA:0,(anonymous_25)
FNDA:18,(anonymous_26)
FNDA:5,(anonymous_27)
FNDA:6,(anonymous_29)
FNDA:18,(anonymous_30)
FNDA:463,(anonymous_31)
FNDA:462,(anonymous_32)
FNDA:416,(anonymous_33)
FNDA:1,(anonymous_34)
FNDA:5,(anonymous_36)
FNDA:45,(anonymous_37)
FNDA:1,(anonymous_38)
FNDA:1,(anonymous_39)
FNDA:1,(anonymous_40)
FNDA:0,(anonymous_41)
FNDA:1,(anonymous_42)
FNDA:12,(anonymous_43)
FNDA:21,(anonymous_44)
FNDA:21,(anonymous_45)
FNDA:171,(anonymous_46)
FNDA:21,(anonymous_47)
FNDA:138,(anonymous_48)
FNDA:138,(anonymous_49)
FNDA:138,(anonymous_50)
FNDA:34,(anonymous_52)
FNDA:0,(anonymous_53)
FNDA:0,(anonymous_55)
FNDA:12,(anonymous_57)
FNDA:20,(anonymous_59)
FNDA:19,(anonymous_61)
FNDA:2,(anonymous_63)
FNDA:31,(anonymous_65)
FNDA:1,(anonymous_67)
FNDA:0,(anonymous_69)
FNDA:0,(anonymous_71)
FNDA:21,(anonymous_73)
FNDA:19,(anonymous_75)
FNDA:0,(anonymous_77)
FNDA:6,(anonymous_79)
FNDA:5,(anonymous_81)
FNDA:1,(anonymous_83)
FNDA:1,(anonymous_85)
DA:3,25
DA:4,25
DA:7,25
DA:10,25
DA:28,21
DA:29,21
DA:30,21
DA:31,21
DA:32,21
DA:33,21
DA:34,21
DA:39,25
DA:42,0
DA:43,0
DA:44,0
DA:45,0
DA:50,25
DA:64,138
DA:65,138
DA:66,0
DA:67,0
DA:68,0
DA:69,0
DA:71,138
DA:72,138
DA:73,138
DA:78,25
DA:94,53
DA:95,53
DA:96,53
DA:97,53
DA:98,53
DA:99,24
DA:100,24
DA:101,11
DA:105,11
DA:106,8
DA:109,24
DA:110,24
DA:112,24
DA:113,24
DA:123,25
DA:134,2
DA:135,0
DA:136,2
DA:137,0
DA:138,0
DA:139,0
DA:147,22
DA:149,2
DA:150,2
DA:151,2
DA:152,2
DA:153,2
DA:155,20
DA:160,2
DA:165,25
DA:175,14
DA:176,2
DA:177,2
DA:178,2
DA:179,2
DA:180,2
DA:183,12
DA:184,12
DA:185,12
DA:191,25
DA:201,1
DA:202,0
DA:203,0
DA:204,0
DA:205,0
DA:206,0
DA:209,1
DA:210,1
DA:211,1
DA:217,25
DA:225,5
DA:227,0
DA:228,0
DA:229,0
DA:230,0
DA:233,5
DA:234,5
DA:240,25
DA:252,2
DA:254,0
DA:255,0
DA:256,0
DA:257,0
DA:260,2
DA:261,2
DA:262,2
DA:263,2
DA:269,25
DA:272,20
DA:273,20
DA:278,25
DA:286,19
DA:287,19
DA:292,25
DA:310,19
DA:311,19
DA:312,19
DA:313,19
DA:314,19
DA:315,19
DA:319,6
DA:324,25
DA:332,19
DA:333,19
DA:337,25
DA:340,0
DA:341,0
DA:346,25
DA:358,18
DA:359,18
DA:360,18
DA:367,5
DA:372,25
DA:380,6
DA:381,18
DA:386,25
DA:403,463
DA:404,462
DA:406,463
DA:407,463
DA:408,0
DA:410,463
DA:411,463
DA:412,16
DA:414,447
DA:415,447
DA:416,412
DA:418,35
DA:425,25
DA:438,462
DA:439,462
DA:440,462
DA:441,462
DA:442,416
DA:450,1
DA:451,0
DA:453,1
DA:458,25
DA:466,5
DA:467,45
DA:472,25
DA:480,1
DA:481,1
DA:486,25
DA:489,1
DA:490,1
DA:491,0
DA:497,25
DA:501,1
DA:502,1
DA:503,1
DA:509,25
DA:513,12
DA:514,12
DA:535,25
DA:538,25
DA:547,21
DA:562,21
DA:569,21
DA:573,21
DA:574,21
DA:575,21
DA:576,21
DA:577,21
DA:578,21
DA:580,21
DA:581,171
DA:582,21
DA:584,150
DA:585,150
DA:586,138
DA:587,138
DA:588,138
DA:590,150
DA:591,0
DA:592,0
DA:600,21
DA:609,138
DA:610,138
DA:611,138
DA:612,138
DA:614,0
DA:625,138
DA:626,138
DA:627,138
DA:628,46
DA:630,138
DA:631,3
DA:633,138
DA:634,138
DA:635,138
DA:636,138
DA:640,34
DA:641,34
DA:642,34
DA:649,0
DA:678,0
DA:694,12
DA:705,20
DA:707,20
DA:708,12
DA:709,8
DA:710,5
DA:711,3
DA:712,2
DA:713,2
DA:714,2
DA:716,2
DA:717,1
DA:718,1
DA:719,1
DA:721,20
DA:726,19
DA:731,2
DA:738,31
DA:743,1
DA:748,0
DA:753,0
DA:758,21
DA:765,19
DA:769,0
DA:776,6
DA:781,5
DA:786,1
DA:787,1
DA:794,1
LF:233
LH:195
BRDA:65,0,0,0
BRDA:65,0,1,138
BRDA:65,1,0,138
BRDA:65,1,1,58
BRDA:98,2,0,24
BRDA:98,2,1,29
BRDA:100,3,0,11
BRDA:100,3,1,13
BRDA:105,4,0,8
BRDA:105,4,1,3
BRDA:109,5,0,24
BRDA:109,5,1,0
BRDA:112,6,0,24
BRDA:112,6,1,0
BRDA:135,7,0,0
BRDA:135,7,1,2
BRDA:135,7,2,0
BRDA:135,7,3,0
BRDA:135,7,4,0
BRDA:147,8,0,2
BRDA:147,8,1,20
BRDA:175,9,0,2
BRDA:175,9,1,12
BRDA:201,10,0,0
BRDA:201,10,1,1
BRDA:225,11,0,0
BRDA:225,11,1,5
BRDA:252,12,0,0
BRDA:252,12,1,2
BRDA:403,13,0,462
BRDA:403,13,1,1
BRDA:407,14,0,0
BRDA:407,14,1,463
BRDA:411,15,0,16
BRDA:411,15,1,447
BRDA:415,16,0,412
BRDA:415,16,1,35
BRDA:441,17,0,16
BRDA:441,17,1,446
BRDA:450,18,0,0
BRDA:450,18,1,1
BRDA:490,19,0,0
BRDA:490,19,1,1
BRDA:502,20,0,1
BRDA:502,20,1,0
BRDA:581,21,0,21
BRDA:581,21,1,150
BRDA:585,22,0,138
BRDA:585,22,1,12
BRDA:590,23,0,0
BRDA:590,23,1,150
BRDA:611,24,0,138
BRDA:611,24,1,0
BRDA:611,25,0,138
BRDA:611,25,1,138
BRDA:627,26,0,46
BRDA:627,26,1,92
BRDA:630,27,0,3
BRDA:630,27,1,135
BRDA:707,28,0,12
BRDA:707,28,1,8
BRDA:709,29,0,5
BRDA:709,29,1,3
BRDA:711,30,0,2
BRDA:711,30,1,1
BRDA:713,31,0,2
BRDA:713,31,1,0
BRDA:717,32,0,1
BRDA:717,32,1,0
BRF:69
BRH:51
end_of_record
