{"/home/travis/build/felixfbecker/vscode-php-debug/out/phpDebug.js":{"path":"/home/travis/build/felixfbecker/vscode-php-debug/out/phpDebug.js","statementMap":{"0":{"start":{"line":2,"column":16},"end":{"line":9,"column":1}},"1":{"start":{"line":3,"column":4},"end":{"line":8,"column":7}},"2":{"start":{"line":4,"column":36},"end":{"line":4,"column":97}},"3":{"start":{"line":4,"column":42},"end":{"line":4,"column":70}},"4":{"start":{"line":4,"column":85},"end":{"line":4,"column":95}},"5":{"start":{"line":5,"column":35},"end":{"line":5,"column":100}},"6":{"start":{"line":5,"column":41},"end":{"line":5,"column":73}},"7":{"start":{"line":5,"column":88},"end":{"line":5,"column":98}},"8":{"start":{"line":6,"column":32},"end":{"line":6,"column":149}},"9":{"start":{"line":6,"column":97},"end":{"line":6,"column":119}},"10":{"start":{"line":7,"column":8},"end":{"line":7,"column":78}},"11":{"start":{"line":10,"column":0},"end":{"line":10,"column":62}},"12":{"start":{"line":11,"column":15},"end":{"line":11,"column":45}},"13":{"start":{"line":12,"column":12},"end":{"line":12,"column":26}},"14":{"start":{"line":13,"column":15},"end":{"line":13,"column":44}},"15":{"start":{"line":14,"column":15},"end":{"line":14,"column":32}},"16":{"start":{"line":15,"column":12},"end":{"line":15,"column":26}},"17":{"start":{"line":16,"column":21},"end":{"line":16,"column":45}},"18":{"start":{"line":17,"column":13},"end":{"line":17,"column":28}},"19":{"start":{"line":18,"column":13},"end":{"line":18,"column":28}},"20":{"start":{"line":19,"column":11},"end":{"line":19,"column":24}},"21":{"start":{"line":20,"column":19},"end":{"line":20,"column":40}},"22":{"start":{"line":21,"column":16},"end":{"line":21,"column":34}},"23":{"start":{"line":22,"column":18},"end":{"line":22,"column":38}},"24":{"start":{"line":23,"column":0},"end":{"line":30,"column":1}},"25":{"start":{"line":24,"column":4},"end":{"line":29,"column":5}},"26":{"start":{"line":25,"column":8},"end":{"line":25,"column":75}},"27":{"start":{"line":34,"column":4},"end":{"line":57,"column":5}},"28":{"start":{"line":35,"column":8},"end":{"line":46,"column":9}},"29":{"start":{"line":37,"column":12},"end":{"line":37,"column":99}},"30":{"start":{"line":39,"column":13},"end":{"line":46,"column":9}},"31":{"start":{"line":41,"column":12},"end":{"line":41,"column":42}},"32":{"start":{"line":45,"column":12},"end":{"line":45,"column":41}},"33":{"start":{"line":50,"column":8},"end":{"line":50,"column":101}},"34":{"start":{"line":51,"column":8},"end":{"line":56,"column":9}},"35":{"start":{"line":52,"column":12},"end":{"line":52,"column":52}},"36":{"start":{"line":54,"column":13},"end":{"line":56,"column":9}},"37":{"start":{"line":55,"column":12},"end":{"line":55,"column":57}},"38":{"start":{"line":58,"column":4},"end":{"line":58,"column":24}},"39":{"start":{"line":62,"column":8},"end":{"line":62,"column":16}},"40":{"start":{"line":68,"column":8},"end":{"line":68,"column":38}},"41":{"start":{"line":70,"column":8},"end":{"line":70,"column":45}},"42":{"start":{"line":72,"column":8},"end":{"line":72,"column":34}},"43":{"start":{"line":74,"column":8},"end":{"line":74,"column":34}},"44":{"start":{"line":76,"column":8},"end":{"line":76,"column":38}},"45":{"start":{"line":78,"column":8},"end":{"line":78,"column":38}},"46":{"start":{"line":80,"column":8},"end":{"line":80,"column":35}},"47":{"start":{"line":82,"column":8},"end":{"line":82,"column":36}},"48":{"start":{"line":84,"column":8},"end":{"line":84,"column":43}},"49":{"start":{"line":86,"column":8},"end":{"line":86,"column":38}},"50":{"start":{"line":88,"column":8},"end":{"line":88,"column":35}},"51":{"start":{"line":90,"column":8},"end":{"line":90,"column":37}},"52":{"start":{"line":92,"column":8},"end":{"line":92,"column":47}},"53":{"start":{"line":93,"column":8},"end":{"line":93,"column":46}},"54":{"start":{"line":94,"column":8},"end":{"line":94,"column":44}},"55":{"start":{"line":95,"column":8},"end":{"line":95,"column":42}},"56":{"start":{"line":98,"column":8},"end":{"line":126,"column":10}},"57":{"start":{"line":127,"column":8},"end":{"line":127,"column":36}},"58":{"start":{"line":130,"column":8},"end":{"line":130,"column":89}},"59":{"start":{"line":131,"column":8},"end":{"line":131,"column":24}},"60":{"start":{"line":134,"column":8},"end":{"line":234,"column":11}},"61":{"start":{"line":135,"column":12},"end":{"line":135,"column":30}},"62":{"start":{"line":137,"column":33},"end":{"line":171,"column":14}},"63":{"start":{"line":137,"column":39},"end":{"line":171,"column":14}},"64":{"start":{"line":139,"column":16},"end":{"line":139,"column":137}},"65":{"start":{"line":139,"column":55},"end":{"line":139,"column":135}},"66":{"start":{"line":139,"column":105},"end":{"line":139,"column":134}},"67":{"start":{"line":140,"column":36},"end":{"line":140,"column":58}},"68":{"start":{"line":141,"column":42},"end":{"line":141,"column":73}},"69":{"start":{"line":142,"column":36},"end":{"line":142,"column":51}},"70":{"start":{"line":143,"column":28},"end":{"line":143,"column":53}},"71":{"start":{"line":144,"column":28},"end":{"line":144,"column":51}},"72":{"start":{"line":146,"column":16},"end":{"line":170,"column":17}},"73":{"start":{"line":147,"column":35},"end":{"line":147,"column":154}},"74":{"start":{"line":149,"column":20},"end":{"line":151,"column":23}},"75":{"start":{"line":150,"column":24},"end":{"line":150,"column":69}},"76":{"start":{"line":154,"column":35},"end":{"line":154,"column":134}},"77":{"start":{"line":156,"column":20},"end":{"line":158,"column":23}},"78":{"start":{"line":157,"column":24},"end":{"line":157,"column":84}},"79":{"start":{"line":159,"column":20},"end":{"line":161,"column":23}},"80":{"start":{"line":160,"column":24},"end":{"line":160,"column":84}},"81":{"start":{"line":163,"column":20},"end":{"line":165,"column":23}},"82":{"start":{"line":164,"column":24},"end":{"line":164,"column":69}},"83":{"start":{"line":166,"column":20},"end":{"line":168,"column":23}},"84":{"start":{"line":167,"column":24},"end":{"line":167,"column":78}},"85":{"start":{"line":169,"column":20},"end":{"line":169,"column":46}},"86":{"start":{"line":173,"column":33},"end":{"line":220,"column":14}},"87":{"start":{"line":173,"column":39},"end":{"line":220,"column":14}},"88":{"start":{"line":174,"column":31},"end":{"line":174,"column":64}},"89":{"start":{"line":175,"column":16},"end":{"line":214,"column":20}},"90":{"start":{"line":175,"column":52},"end":{"line":214,"column":18}},"91":{"start":{"line":176,"column":20},"end":{"line":213,"column":21}},"92":{"start":{"line":178,"column":43},"end":{"line":178,"column":72}},"93":{"start":{"line":179,"column":24},"end":{"line":181,"column":25}},"94":{"start":{"line":180,"column":28},"end":{"line":180,"column":115}},"95":{"start":{"line":182,"column":24},"end":{"line":182,"column":73}},"96":{"start":{"line":183,"column":24},"end":{"line":183,"column":65}},"97":{"start":{"line":184,"column":50},"end":{"line":197,"column":25}},"98":{"start":{"line":185,"column":28},"end":{"line":196,"column":29}},"99":{"start":{"line":186,"column":32},"end":{"line":188,"column":33}},"100":{"start":{"line":187,"column":36},"end":{"line":187,"column":120}},"101":{"start":{"line":189,"column":32},"end":{"line":191,"column":33}},"102":{"start":{"line":190,"column":36},"end":{"line":190,"column":90}},"103":{"start":{"line":192,"column":32},"end":{"line":192,"column":96}},"104":{"start":{"line":193,"column":32},"end":{"line":193,"column":51}},"105":{"start":{"line":194,"column":32},"end":{"line":194,"column":72}},"106":{"start":{"line":195,"column":32},"end":{"line":195,"column":76}},"107":{"start":{"line":198,"column":24},"end":{"line":200,"column":27}},"108":{"start":{"line":199,"column":28},"end":{"line":199,"column":76}},"109":{"start":{"line":201,"column":24},"end":{"line":201,"column":66}},"110":{"start":{"line":202,"column":24},"end":{"line":202,"column":66}},"111":{"start":{"line":203,"column":24},"end":{"line":203,"column":61}},"112":{"start":{"line":204,"column":24},"end":{"line":204,"column":89}},"113":{"start":{"line":206,"column":47},"end":{"line":206,"column":72}},"114":{"start":{"line":207,"column":24},"end":{"line":207,"column":154}},"115":{"start":{"line":207,"column":85},"end":{"line":207,"column":151}},"116":{"start":{"line":209,"column":24},"end":{"line":209,"column":76}},"117":{"start":{"line":212,"column":24},"end":{"line":212,"column":111}},"118":{"start":{"line":215,"column":16},"end":{"line":218,"column":19}},"119":{"start":{"line":216,"column":20},"end":{"line":216,"column":74}},"120":{"start":{"line":217,"column":20},"end":{"line":217,"column":36}},"121":{"start":{"line":219,"column":16},"end":{"line":219,"column":95}},"122":{"start":{"line":219,"column":60},"end":{"line":219,"column":93}},"123":{"start":{"line":221,"column":12},"end":{"line":232,"column":13}},"124":{"start":{"line":222,"column":16},"end":{"line":224,"column":17}},"125":{"start":{"line":223,"column":20},"end":{"line":223,"column":41}},"126":{"start":{"line":225,"column":16},"end":{"line":227,"column":17}},"127":{"start":{"line":226,"column":20},"end":{"line":226,"column":41}},"128":{"start":{"line":230,"column":16},"end":{"line":230,"column":56}},"129":{"start":{"line":231,"column":16},"end":{"line":231,"column":23}},"130":{"start":{"line":233,"column":12},"end":{"line":233,"column":40}},"131":{"start":{"line":241,"column":8},"end":{"line":280,"column":11}},"132":{"start":{"line":242,"column":31},"end":{"line":242,"column":50}},"133":{"start":{"line":243,"column":12},"end":{"line":243,"column":53}},"134":{"start":{"line":244,"column":12},"end":{"line":279,"column":13}},"135":{"start":{"line":245,"column":33},"end":{"line":245,"column":67}},"136":{"start":{"line":246,"column":16},"end":{"line":246,"column":44}},"137":{"start":{"line":248,"column":17},"end":{"line":279,"column":13}},"138":{"start":{"line":249,"column":16},"end":{"line":249,"column":56}},"139":{"start":{"line":250,"column":16},"end":{"line":250,"column":80}},"140":{"start":{"line":251,"column":16},"end":{"line":251,"column":35}},"141":{"start":{"line":253,"column":17},"end":{"line":279,"column":13}},"142":{"start":{"line":257,"column":16},"end":{"line":275,"column":17}},"143":{"start":{"line":259,"column":20},"end":{"line":263,"column":21}},"144":{"start":{"line":259,"column":76},"end":{"line":259,"column":166}},"145":{"start":{"line":260,"column":41},"end":{"line":260,"column":74}},"146":{"start":{"line":261,"column":24},"end":{"line":261,"column":58}},"147":{"start":{"line":262,"column":24},"end":{"line":262,"column":31}},"148":{"start":{"line":264,"column":20},"end":{"line":264,"column":53}},"149":{"start":{"line":265,"column":20},"end":{"line":265,"column":96}},"150":{"start":{"line":267,"column":21},"end":{"line":275,"column":17}},"151":{"start":{"line":268,"column":20},"end":{"line":268,"column":49}},"152":{"start":{"line":270,"column":21},"end":{"line":275,"column":17}},"153":{"start":{"line":271,"column":20},"end":{"line":271,"column":48}},"154":{"start":{"line":274,"column":20},"end":{"line":274,"column":54}},"155":{"start":{"line":276,"column":30},"end":{"line":276,"column":103}},"156":{"start":{"line":277,"column":16},"end":{"line":277,"column":53}},"157":{"start":{"line":278,"column":16},"end":{"line":278,"column":38}},"158":{"start":{"line":284,"column":8},"end":{"line":287,"column":9}},"159":{"start":{"line":285,"column":24},"end":{"line":285,"column":105}},"160":{"start":{"line":286,"column":12},"end":{"line":286,"column":57}},"161":{"start":{"line":288,"column":8},"end":{"line":288,"column":39}},"162":{"start":{"line":291,"column":8},"end":{"line":294,"column":9}},"163":{"start":{"line":292,"column":24},"end":{"line":292,"column":97}},"164":{"start":{"line":293,"column":12},"end":{"line":293,"column":57}},"165":{"start":{"line":295,"column":8},"end":{"line":295,"column":31}},"166":{"start":{"line":298,"column":8},"end":{"line":301,"column":9}},"167":{"start":{"line":299,"column":24},"end":{"line":299,"column":108}},"168":{"start":{"line":300,"column":12},"end":{"line":300,"column":57}},"169":{"start":{"line":302,"column":8},"end":{"line":302,"column":37}},"170":{"start":{"line":305,"column":8},"end":{"line":322,"column":9}},"171":{"start":{"line":306,"column":26},"end":{"line":306,"column":38}},"172":{"start":{"line":307,"column":25},"end":{"line":307,"column":37}},"173":{"start":{"line":309,"column":12},"end":{"line":317,"column":13}},"174":{"start":{"line":310,"column":16},"end":{"line":310,"column":34}},"175":{"start":{"line":312,"column":17},"end":{"line":317,"column":13}},"176":{"start":{"line":313,"column":16},"end":{"line":313,"column":35}},"177":{"start":{"line":316,"column":16},"end":{"line":316,"column":25}},"178":{"start":{"line":318,"column":12},"end":{"line":318,"column":73}},"179":{"start":{"line":321,"column":12},"end":{"line":321,"column":102}},"180":{"start":{"line":326,"column":8},"end":{"line":382,"column":11}},"181":{"start":{"line":327,"column":12},"end":{"line":380,"column":13}},"182":{"start":{"line":328,"column":32},"end":{"line":328,"column":142}},"183":{"start":{"line":329,"column":36},"end":{"line":329,"column":74}},"184":{"start":{"line":331,"column":16},"end":{"line":331,"column":52}},"185":{"start":{"line":334,"column":16},"end":{"line":374,"column":17}},"186":{"start":{"line":336,"column":20},"end":{"line":336,"column":121}},"187":{"start":{"line":336,"column":76},"end":{"line":336,"column":118}},"188":{"start":{"line":339,"column":20},"end":{"line":339,"column":43}},"189":{"start":{"line":341,"column":20},"end":{"line":348,"column":23}},"190":{"start":{"line":342,"column":24},"end":{"line":347,"column":25}},"191":{"start":{"line":343,"column":28},"end":{"line":343,"column":116}},"192":{"start":{"line":346,"column":28},"end":{"line":346,"column":87}},"193":{"start":{"line":350,"column":20},"end":{"line":373,"column":25}},"194":{"start":{"line":350,"column":87},"end":{"line":373,"column":22}},"195":{"start":{"line":353,"column":48},"end":{"line":353,"column":92}},"196":{"start":{"line":354,"column":24},"end":{"line":356,"column":69}},"197":{"start":{"line":355,"column":50},"end":{"line":355,"column":143}},"198":{"start":{"line":356,"column":47},"end":{"line":356,"column":66}},"199":{"start":{"line":358,"column":24},"end":{"line":372,"column":29}},"200":{"start":{"line":358,"column":87},"end":{"line":372,"column":26}},"201":{"start":{"line":359,"column":28},"end":{"line":371,"column":29}},"202":{"start":{"line":360,"column":32},"end":{"line":360,"column":86}},"203":{"start":{"line":362,"column":32},"end":{"line":364,"column":33}},"204":{"start":{"line":363,"column":36},"end":{"line":363,"column":105}},"205":{"start":{"line":368,"column":32},"end":{"line":370,"column":33}},"206":{"start":{"line":369,"column":36},"end":{"line":369,"column":130}},"207":{"start":{"line":375,"column":16},"end":{"line":375,"column":67}},"208":{"start":{"line":378,"column":16},"end":{"line":378,"column":56}},"209":{"start":{"line":379,"column":16},"end":{"line":379,"column":23}},"210":{"start":{"line":381,"column":12},"end":{"line":381,"column":40}},"211":{"start":{"line":386,"column":8},"end":{"line":403,"column":11}},"212":{"start":{"line":387,"column":12},"end":{"line":401,"column":13}},"213":{"start":{"line":388,"column":36},"end":{"line":388,"column":74}},"214":{"start":{"line":389,"column":16},"end":{"line":396,"column":21}},"215":{"start":{"line":389,"column":66},"end":{"line":396,"column":18}},"216":{"start":{"line":391,"column":44},"end":{"line":391,"column":88}},"217":{"start":{"line":393,"column":20},"end":{"line":393,"column":144}},"218":{"start":{"line":393,"column":71},"end":{"line":393,"column":102}},"219":{"start":{"line":393,"column":122},"end":{"line":393,"column":141}},"220":{"start":{"line":395,"column":20},"end":{"line":395,"column":143}},"221":{"start":{"line":395,"column":65},"end":{"line":395,"column":140}},"222":{"start":{"line":399,"column":16},"end":{"line":399,"column":56}},"223":{"start":{"line":400,"column":16},"end":{"line":400,"column":23}},"224":{"start":{"line":402,"column":12},"end":{"line":402,"column":40}},"225":{"start":{"line":406,"column":8},"end":{"line":447,"column":11}},"226":{"start":{"line":407,"column":12},"end":{"line":445,"column":13}},"227":{"start":{"line":408,"column":36},"end":{"line":408,"column":74}},"228":{"start":{"line":411,"column":16},"end":{"line":439,"column":17}},"229":{"start":{"line":413,"column":20},"end":{"line":413,"column":124}},"230":{"start":{"line":413,"column":76},"end":{"line":413,"column":121}},"231":{"start":{"line":416,"column":20},"end":{"line":416,"column":43}},"232":{"start":{"line":418,"column":20},"end":{"line":438,"column":25}},"233":{"start":{"line":418,"column":87},"end":{"line":438,"column":22}},"234":{"start":{"line":420,"column":48},"end":{"line":420,"column":92}},"235":{"start":{"line":421,"column":24},"end":{"line":421,"column":143}},"236":{"start":{"line":421,"column":75},"end":{"line":421,"column":101}},"237":{"start":{"line":421,"column":121},"end":{"line":421,"column":140}},"238":{"start":{"line":423,"column":24},"end":{"line":437,"column":29}},"239":{"start":{"line":423,"column":94},"end":{"line":437,"column":26}},"240":{"start":{"line":424,"column":28},"end":{"line":436,"column":29}},"241":{"start":{"line":425,"column":32},"end":{"line":425,"column":156}},"242":{"start":{"line":427,"column":32},"end":{"line":429,"column":33}},"243":{"start":{"line":428,"column":36},"end":{"line":428,"column":82}},"244":{"start":{"line":433,"column":32},"end":{"line":435,"column":33}},"245":{"start":{"line":434,"column":36},"end":{"line":434,"column":140}},"246":{"start":{"line":440,"column":16},"end":{"line":440,"column":67}},"247":{"start":{"line":443,"column":16},"end":{"line":443,"column":56}},"248":{"start":{"line":444,"column":16},"end":{"line":444,"column":23}},"249":{"start":{"line":446,"column":12},"end":{"line":446,"column":40}},"250":{"start":{"line":451,"column":8},"end":{"line":477,"column":11}},"251":{"start":{"line":452,"column":34},"end":{"line":452,"column":36}},"252":{"start":{"line":453,"column":12},"end":{"line":472,"column":13}},"253":{"start":{"line":454,"column":16},"end":{"line":464,"column":20}},"254":{"start":{"line":455,"column":20},"end":{"line":455,"column":64}},"255":{"start":{"line":457,"column":20},"end":{"line":463,"column":21}},"256":{"start":{"line":459,"column":24},"end":{"line":459,"column":64}},"257":{"start":{"line":462,"column":24},"end":{"line":462,"column":59}},"258":{"start":{"line":467,"column":16},"end":{"line":467,"column":56}},"259":{"start":{"line":468,"column":16},"end":{"line":470,"column":17}},"260":{"start":{"line":469,"column":20},"end":{"line":469,"column":48}},"261":{"start":{"line":471,"column":16},"end":{"line":471,"column":23}},"262":{"start":{"line":473,"column":12},"end":{"line":473,"column":40}},"263":{"start":{"line":474,"column":12},"end":{"line":476,"column":13}},"264":{"start":{"line":475,"column":16},"end":{"line":475,"column":44}},"265":{"start":{"line":484,"column":28},"end":{"line":484,"column":66}},"266":{"start":{"line":485,"column":8},"end":{"line":487,"column":10}},"267":{"start":{"line":486,"column":51},"end":{"line":486,"column":165}},"268":{"start":{"line":488,"column":8},"end":{"line":488,"column":36}},"269":{"start":{"line":492,"column":8},"end":{"line":566,"column":11}},"270":{"start":{"line":493,"column":12},"end":{"line":564,"column":13}},"271":{"start":{"line":494,"column":35},"end":{"line":494,"column":71}},"272":{"start":{"line":495,"column":16},"end":{"line":497,"column":17}},"273":{"start":{"line":496,"column":20},"end":{"line":496,"column":57}},"274":{"start":{"line":498,"column":34},"end":{"line":498,"column":72}},"275":{"start":{"line":503,"column":31},"end":{"line":503,"column":61}},"276":{"start":{"line":504,"column":16},"end":{"line":559,"column":17}},"277":{"start":{"line":508,"column":35},"end":{"line":508,"column":65}},"278":{"start":{"line":509,"column":31},"end":{"line":509,"column":58}},"279":{"start":{"line":510,"column":33},"end":{"line":510,"column":54}},"280":{"start":{"line":511,"column":31},"end":{"line":511,"column":42}},"281":{"start":{"line":513,"column":38},"end":{"line":513,"column":63}},"282":{"start":{"line":514,"column":20},"end":{"line":527,"column":21}},"283":{"start":{"line":515,"column":48},"end":{"line":515,"column":71}},"284":{"start":{"line":516,"column":24},"end":{"line":516,"column":96}},"285":{"start":{"line":518,"column":24},"end":{"line":518,"column":122}},"286":{"start":{"line":520,"column":24},"end":{"line":520,"column":31}},"287":{"start":{"line":524,"column":41},"end":{"line":524,"column":144}},"288":{"start":{"line":526,"column":24},"end":{"line":526,"column":83}},"289":{"start":{"line":528,"column":20},"end":{"line":528,"column":59}},"290":{"start":{"line":529,"column":20},"end":{"line":529,"column":106}},"291":{"start":{"line":532,"column":20},"end":{"line":558,"column":22}},"292":{"start":{"line":535,"column":39},"end":{"line":535,"column":54}},"293":{"start":{"line":536,"column":46},"end":{"line":536,"column":75}},"294":{"start":{"line":537,"column":28},"end":{"line":550,"column":29}},"295":{"start":{"line":538,"column":56},"end":{"line":538,"column":79}},"296":{"start":{"line":539,"column":32},"end":{"line":539,"column":108}},"297":{"start":{"line":541,"column":32},"end":{"line":541,"column":151}},"298":{"start":{"line":543,"column":32},"end":{"line":543,"column":39}},"299":{"start":{"line":547,"column":49},"end":{"line":547,"column":152}},"300":{"start":{"line":549,"column":32},"end":{"line":549,"column":91}},"301":{"start":{"line":552,"column":49},"end":{"line":552,"column":76}},"302":{"start":{"line":554,"column":28},"end":{"line":554,"column":76}},"303":{"start":{"line":556,"column":28},"end":{"line":556,"column":104}},"304":{"start":{"line":562,"column":16},"end":{"line":562,"column":56}},"305":{"start":{"line":563,"column":16},"end":{"line":563,"column":23}},"306":{"start":{"line":565,"column":12},"end":{"line":565,"column":40}},"307":{"start":{"line":569,"column":8},"end":{"line":587,"column":11}},"308":{"start":{"line":570,"column":12},"end":{"line":585,"column":13}},"309":{"start":{"line":571,"column":16},"end":{"line":573,"column":17}},"310":{"start":{"line":572,"column":20},"end":{"line":572,"column":87}},"311":{"start":{"line":574,"column":44},"end":{"line":574,"column":83}},"312":{"start":{"line":575,"column":33},"end":{"line":575,"column":72}},"313":{"start":{"line":576,"column":16},"end":{"line":579,"column":17}},"314":{"start":{"line":578,"column":20},"end":{"line":578,"column":48}},"315":{"start":{"line":580,"column":16},"end":{"line":580,"column":83}},"316":{"start":{"line":583,"column":16},"end":{"line":583,"column":56}},"317":{"start":{"line":584,"column":16},"end":{"line":584,"column":23}},"318":{"start":{"line":586,"column":12},"end":{"line":586,"column":40}},"319":{"start":{"line":590,"column":8},"end":{"line":630,"column":11}},"320":{"start":{"line":591,"column":12},"end":{"line":628,"column":13}},"321":{"start":{"line":592,"column":29},"end":{"line":592,"column":31}},"322":{"start":{"line":593,"column":16},"end":{"line":622,"column":17}},"323":{"start":{"line":595,"column":35},"end":{"line":595,"column":75}},"324":{"start":{"line":596,"column":20},"end":{"line":600,"column":21}},"325":{"start":{"line":597,"column":43},"end":{"line":597,"column":68}},"326":{"start":{"line":598,"column":24},"end":{"line":598,"column":66}},"327":{"start":{"line":599,"column":24},"end":{"line":599,"column":112}},"328":{"start":{"line":603,"column":39},"end":{"line":603,"column":74}},"329":{"start":{"line":604,"column":20},"end":{"line":606,"column":21}},"330":{"start":{"line":605,"column":24},"end":{"line":605,"column":75}},"331":{"start":{"line":607,"column":37},"end":{"line":607,"column":67}},"332":{"start":{"line":608,"column":20},"end":{"line":615,"column":23}},"333":{"start":{"line":609,"column":43},"end":{"line":609,"column":68}},"334":{"start":{"line":612,"column":24},"end":{"line":612,"column":64}},"335":{"start":{"line":614,"column":24},"end":{"line":614,"column":74}},"336":{"start":{"line":616,"column":35},"end":{"line":616,"column":76}},"337":{"start":{"line":617,"column":20},"end":{"line":621,"column":21}},"338":{"start":{"line":618,"column":43},"end":{"line":618,"column":68}},"339":{"start":{"line":619,"column":24},"end":{"line":619,"column":66}},"340":{"start":{"line":620,"column":24},"end":{"line":620,"column":117}},"341":{"start":{"line":623,"column":16},"end":{"line":623,"column":43}},"342":{"start":{"line":626,"column":16},"end":{"line":626,"column":56}},"343":{"start":{"line":627,"column":16},"end":{"line":627,"column":23}},"344":{"start":{"line":629,"column":12},"end":{"line":629,"column":40}},"345":{"start":{"line":633,"column":8},"end":{"line":713,"column":11}},"346":{"start":{"line":634,"column":12},"end":{"line":711,"column":13}},"347":{"start":{"line":635,"column":43},"end":{"line":635,"column":66}},"348":{"start":{"line":637,"column":16},"end":{"line":705,"column":17}},"349":{"start":{"line":639,"column":35},"end":{"line":639,"column":76}},"350":{"start":{"line":640,"column":20},"end":{"line":643,"column":22}},"351":{"start":{"line":644,"column":20},"end":{"line":646,"column":21}},"352":{"start":{"line":645,"column":24},"end":{"line":645,"column":96}},"353":{"start":{"line":651,"column":20},"end":{"line":678,"column":21}},"354":{"start":{"line":653,"column":40},"end":{"line":653,"column":78}},"355":{"start":{"line":654,"column":24},"end":{"line":654,"column":67}},"356":{"start":{"line":656,"column":25},"end":{"line":678,"column":21}},"357":{"start":{"line":658,"column":41},"end":{"line":658,"column":81}},"358":{"start":{"line":659,"column":24},"end":{"line":669,"column":25}},"359":{"start":{"line":660,"column":28},"end":{"line":665,"column":29}},"360":{"start":{"line":661,"column":32},"end":{"line":661,"column":63}},"361":{"start":{"line":664,"column":32},"end":{"line":664,"column":74}},"362":{"start":{"line":668,"column":28},"end":{"line":668,"column":44}},"363":{"start":{"line":671,"column":25},"end":{"line":678,"column":21}},"364":{"start":{"line":673,"column":41},"end":{"line":673,"column":91}},"365":{"start":{"line":674,"column":24},"end":{"line":674,"column":83}},"366":{"start":{"line":677,"column":24},"end":{"line":677,"column":70}},"367":{"start":{"line":679,"column":20},"end":{"line":704,"column":23}},"368":{"start":{"line":680,"column":45},"end":{"line":680,"column":74}},"369":{"start":{"line":682,"column":24},"end":{"line":696,"column":25}},"370":{"start":{"line":686,"column":28},"end":{"line":686,"column":75}},"371":{"start":{"line":687,"column":28},"end":{"line":692,"column":29}},"372":{"start":{"line":688,"column":32},"end":{"line":688,"column":83}},"373":{"start":{"line":690,"column":33},"end":{"line":692,"column":29}},"374":{"start":{"line":691,"column":32},"end":{"line":691,"column":93}},"375":{"start":{"line":695,"column":28},"end":{"line":695,"column":51}},"376":{"start":{"line":697,"column":41},"end":{"line":702,"column":25}},"377":{"start":{"line":703,"column":24},"end":{"line":703,"column":40}},"378":{"start":{"line":706,"column":16},"end":{"line":706,"column":46}},"379":{"start":{"line":709,"column":16},"end":{"line":709,"column":56}},"380":{"start":{"line":710,"column":16},"end":{"line":710,"column":23}},"381":{"start":{"line":712,"column":12},"end":{"line":712,"column":40}},"382":{"start":{"line":716,"column":8},"end":{"line":737,"column":11}},"383":{"start":{"line":718,"column":12},"end":{"line":731,"column":13}},"384":{"start":{"line":719,"column":35},"end":{"line":719,"column":71}},"385":{"start":{"line":720,"column":16},"end":{"line":722,"column":17}},"386":{"start":{"line":721,"column":20},"end":{"line":721,"column":74}},"387":{"start":{"line":723,"column":16},"end":{"line":723,"column":67}},"388":{"start":{"line":726,"column":16},"end":{"line":726,"column":56}},"389":{"start":{"line":727,"column":16},"end":{"line":729,"column":17}},"390":{"start":{"line":728,"column":20},"end":{"line":728,"column":54}},"391":{"start":{"line":730,"column":16},"end":{"line":730,"column":23}},"392":{"start":{"line":732,"column":12},"end":{"line":734,"column":14}},"393":{"start":{"line":735,"column":12},"end":{"line":735,"column":40}},"394":{"start":{"line":736,"column":12},"end":{"line":736,"column":46}},"395":{"start":{"line":740,"column":8},"end":{"line":758,"column":11}},"396":{"start":{"line":742,"column":12},"end":{"line":755,"column":13}},"397":{"start":{"line":743,"column":35},"end":{"line":743,"column":71}},"398":{"start":{"line":744,"column":16},"end":{"line":746,"column":17}},"399":{"start":{"line":745,"column":20},"end":{"line":745,"column":74}},"400":{"start":{"line":747,"column":16},"end":{"line":747,"column":72}},"401":{"start":{"line":750,"column":16},"end":{"line":750,"column":56}},"402":{"start":{"line":751,"column":16},"end":{"line":753,"column":17}},"403":{"start":{"line":752,"column":20},"end":{"line":752,"column":54}},"404":{"start":{"line":754,"column":16},"end":{"line":754,"column":23}},"405":{"start":{"line":756,"column":12},"end":{"line":756,"column":40}},"406":{"start":{"line":757,"column":12},"end":{"line":757,"column":46}},"407":{"start":{"line":761,"column":8},"end":{"line":779,"column":11}},"408":{"start":{"line":763,"column":12},"end":{"line":776,"column":13}},"409":{"start":{"line":764,"column":35},"end":{"line":764,"column":71}},"410":{"start":{"line":765,"column":16},"end":{"line":767,"column":17}},"411":{"start":{"line":766,"column":20},"end":{"line":766,"column":74}},"412":{"start":{"line":768,"column":16},"end":{"line":768,"column":72}},"413":{"start":{"line":771,"column":16},"end":{"line":771,"column":56}},"414":{"start":{"line":772,"column":16},"end":{"line":774,"column":17}},"415":{"start":{"line":773,"column":20},"end":{"line":773,"column":54}},"416":{"start":{"line":775,"column":16},"end":{"line":775,"column":23}},"417":{"start":{"line":777,"column":12},"end":{"line":777,"column":40}},"418":{"start":{"line":778,"column":12},"end":{"line":778,"column":46}},"419":{"start":{"line":782,"column":8},"end":{"line":800,"column":11}},"420":{"start":{"line":784,"column":12},"end":{"line":797,"column":13}},"421":{"start":{"line":785,"column":35},"end":{"line":785,"column":71}},"422":{"start":{"line":786,"column":16},"end":{"line":788,"column":17}},"423":{"start":{"line":787,"column":20},"end":{"line":787,"column":74}},"424":{"start":{"line":789,"column":16},"end":{"line":789,"column":71}},"425":{"start":{"line":792,"column":16},"end":{"line":792,"column":56}},"426":{"start":{"line":793,"column":16},"end":{"line":795,"column":17}},"427":{"start":{"line":794,"column":20},"end":{"line":794,"column":54}},"428":{"start":{"line":796,"column":16},"end":{"line":796,"column":23}},"429":{"start":{"line":798,"column":12},"end":{"line":798,"column":40}},"430":{"start":{"line":799,"column":12},"end":{"line":799,"column":46}},"431":{"start":{"line":803,"column":8},"end":{"line":803,"column":104}},"432":{"start":{"line":806,"column":8},"end":{"line":831,"column":11}},"433":{"start":{"line":807,"column":12},"end":{"line":828,"column":13}},"434":{"start":{"line":808,"column":16},"end":{"line":815,"column":21}},"435":{"start":{"line":808,"column":90},"end":{"line":815,"column":18}},"436":{"start":{"line":811,"column":20},"end":{"line":811,"column":121}},"437":{"start":{"line":811,"column":93},"end":{"line":811,"column":117}},"438":{"start":{"line":812,"column":20},"end":{"line":812,"column":45}},"439":{"start":{"line":813,"column":20},"end":{"line":813,"column":49}},"440":{"start":{"line":814,"column":20},"end":{"line":814,"column":64}},"441":{"start":{"line":817,"column":16},"end":{"line":819,"column":17}},"442":{"start":{"line":818,"column":20},"end":{"line":818,"column":78}},"443":{"start":{"line":818,"column":49},"end":{"line":818,"column":76}},"444":{"start":{"line":821,"column":16},"end":{"line":823,"column":17}},"445":{"start":{"line":822,"column":20},"end":{"line":822,"column":44}},"446":{"start":{"line":826,"column":16},"end":{"line":826,"column":56}},"447":{"start":{"line":827,"column":16},"end":{"line":827,"column":23}},"448":{"start":{"line":829,"column":12},"end":{"line":829,"column":40}},"449":{"start":{"line":830,"column":12},"end":{"line":830,"column":28}},"450":{"start":{"line":834,"column":8},"end":{"line":865,"column":11}},"451":{"start":{"line":835,"column":12},"end":{"line":864,"column":13}},"452":{"start":{"line":836,"column":16},"end":{"line":838,"column":17}},"453":{"start":{"line":837,"column":20},"end":{"line":837,"column":81}},"454":{"start":{"line":839,"column":16},"end":{"line":841,"column":17}},"455":{"start":{"line":840,"column":20},"end":{"line":840,"column":71}},"456":{"start":{"line":842,"column":35},"end":{"line":842,"column":81}},"457":{"start":{"line":843,"column":35},"end":{"line":843,"column":84}},"458":{"start":{"line":844,"column":16},"end":{"line":859,"column":17}},"459":{"start":{"line":845,"column":41},"end":{"line":845,"column":68}},"460":{"start":{"line":848,"column":20},"end":{"line":854,"column":21}},"461":{"start":{"line":849,"column":24},"end":{"line":849,"column":71}},"462":{"start":{"line":850,"column":24},"end":{"line":850,"column":83}},"463":{"start":{"line":853,"column":24},"end":{"line":853,"column":47}},"464":{"start":{"line":855,"column":20},"end":{"line":855,"column":81}},"465":{"start":{"line":858,"column":20},"end":{"line":858,"column":83}},"466":{"start":{"line":860,"column":16},"end":{"line":860,"column":44}},"467":{"start":{"line":863,"column":16},"end":{"line":863,"column":56}},"468":{"start":{"line":868,"column":0},"end":{"line":868,"column":41}}},"fnMap":{"0":{"name":"(anonymous_0)","decl":{"start":{"line":2,"column":44},"end":{"line":2,"column":45}},"loc":{"start":{"line":2,"column":89},"end":{"line":9,"column":1}},"line":2},"1":{"name":"(anonymous_1)","decl":{"start":{"line":3,"column":36},"end":{"line":3,"column":37}},"loc":{"start":{"line":3,"column":63},"end":{"line":8,"column":5}},"line":3},"2":{"name":"fulfilled","decl":{"start":{"line":4,"column":17},"end":{"line":4,"column":26}},"loc":{"start":{"line":4,"column":34},"end":{"line":4,"column":99}},"line":4},"3":{"name":"rejected","decl":{"start":{"line":5,"column":17},"end":{"line":5,"column":25}},"loc":{"start":{"line":5,"column":33},"end":{"line":5,"column":102}},"line":5},"4":{"name":"step","decl":{"start":{"line":6,"column":17},"end":{"line":6,"column":21}},"loc":{"start":{"line":6,"column":30},"end":{"line":6,"column":151}},"line":6},"5":{"name":"(anonymous_5)","decl":{"start":{"line":6,"column":76},"end":{"line":6,"column":77}},"loc":{"start":{"line":6,"column":95},"end":{"line":6,"column":121}},"line":6},"6":{"name":"formatPropertyValue","decl":{"start":{"line":32,"column":9},"end":{"line":32,"column":28}},"loc":{"start":{"line":32,"column":39},"end":{"line":59,"column":1}},"line":32},"7":{"name":"(anonymous_7)","decl":{"start":{"line":61,"column":4},"end":{"line":61,"column":5}},"loc":{"start":{"line":61,"column":18},"end":{"line":96,"column":5}},"line":61},"8":{"name":"(anonymous_8)","decl":{"start":{"line":97,"column":4},"end":{"line":97,"column":5}},"loc":{"start":{"line":97,"column":38},"end":{"line":128,"column":5}},"line":97},"9":{"name":"(anonymous_9)","decl":{"start":{"line":129,"column":4},"end":{"line":129,"column":5}},"loc":{"start":{"line":129,"column":34},"end":{"line":132,"column":5}},"line":129},"10":{"name":"(anonymous_10)","decl":{"start":{"line":133,"column":4},"end":{"line":133,"column":5}},"loc":{"start":{"line":133,"column":34},"end":{"line":235,"column":5}},"line":133},"11":{"name":"(anonymous_11)","decl":{"start":{"line":134,"column":47},"end":{"line":134,"column":48}},"loc":{"start":{"line":134,"column":60},"end":{"line":234,"column":9}},"line":134},"12":{"name":"(anonymous_12)","decl":{"start":{"line":137,"column":33},"end":{"line":137,"column":34}},"loc":{"start":{"line":137,"column":39},"end":{"line":171,"column":14}},"line":137},"13":{"name":"(anonymous_13)","decl":{"start":{"line":137,"column":71},"end":{"line":137,"column":72}},"loc":{"start":{"line":137,"column":84},"end":{"line":171,"column":13}},"line":137},"14":{"name":"(anonymous_14)","decl":{"start":{"line":139,"column":34},"end":{"line":139,"column":35}},"loc":{"start":{"line":139,"column":55},"end":{"line":139,"column":135}},"line":139},"15":{"name":"(anonymous_15)","decl":{"start":{"line":139,"column":98},"end":{"line":139,"column":99}},"loc":{"start":{"line":139,"column":105},"end":{"line":139,"column":134}},"line":139},"16":{"name":"(anonymous_16)","decl":{"start":{"line":149,"column":38},"end":{"line":149,"column":39}},"loc":{"start":{"line":149,"column":44},"end":{"line":151,"column":21}},"line":149},"17":{"name":"(anonymous_17)","decl":{"start":{"line":156,"column":45},"end":{"line":156,"column":46}},"loc":{"start":{"line":156,"column":55},"end":{"line":158,"column":21}},"line":156},"18":{"name":"(anonymous_18)","decl":{"start":{"line":159,"column":45},"end":{"line":159,"column":46}},"loc":{"start":{"line":159,"column":55},"end":{"line":161,"column":21}},"line":159},"19":{"name":"(anonymous_19)","decl":{"start":{"line":163,"column":38},"end":{"line":163,"column":39}},"loc":{"start":{"line":163,"column":44},"end":{"line":165,"column":21}},"line":163},"20":{"name":"(anonymous_20)","decl":{"start":{"line":166,"column":39},"end":{"line":166,"column":40}},"loc":{"start":{"line":166,"column":50},"end":{"line":168,"column":21}},"line":166},"21":{"name":"(anonymous_21)","decl":{"start":{"line":173,"column":33},"end":{"line":173,"column":34}},"loc":{"start":{"line":173,"column":39},"end":{"line":220,"column":14}},"line":173},"22":{"name":"(anonymous_22)","decl":{"start":{"line":173,"column":51},"end":{"line":173,"column":52}},"loc":{"start":{"line":173,"column":72},"end":{"line":220,"column":13}},"line":173},"23":{"name":"(anonymous_23)","decl":{"start":{"line":175,"column":40},"end":{"line":175,"column":41}},"loc":{"start":{"line":175,"column":52},"end":{"line":214,"column":18}},"line":175},"24":{"name":"(anonymous_24)","decl":{"start":{"line":175,"column":84},"end":{"line":175,"column":85}},"loc":{"start":{"line":175,"column":97},"end":{"line":214,"column":17}},"line":175},"25":{"name":"(anonymous_25)","decl":{"start":{"line":184,"column":50},"end":{"line":184,"column":51}},"loc":{"start":{"line":184,"column":61},"end":{"line":197,"column":25}},"line":184},"26":{"name":"(anonymous_26)","decl":{"start":{"line":198,"column":49},"end":{"line":198,"column":50}},"loc":{"start":{"line":198,"column":62},"end":{"line":200,"column":25}},"line":198},"27":{"name":"(anonymous_27)","decl":{"start":{"line":207,"column":74},"end":{"line":207,"column":75}},"loc":{"start":{"line":207,"column":85},"end":{"line":207,"column":151}},"line":207},"28":{"name":"(anonymous_28)","decl":{"start":{"line":215,"column":35},"end":{"line":215,"column":36}},"loc":{"start":{"line":215,"column":46},"end":{"line":218,"column":17}},"line":215},"29":{"name":"(anonymous_29)","decl":{"start":{"line":219,"column":49},"end":{"line":219,"column":50}},"loc":{"start":{"line":219,"column":60},"end":{"line":219,"column":93}},"line":219},"30":{"name":"(anonymous_30)","decl":{"start":{"line":240,"column":4},"end":{"line":240,"column":5}},"loc":{"start":{"line":240,"column":27},"end":{"line":281,"column":5}},"line":240},"31":{"name":"(anonymous_31)","decl":{"start":{"line":241,"column":47},"end":{"line":241,"column":48}},"loc":{"start":{"line":241,"column":60},"end":{"line":280,"column":9}},"line":241},"32":{"name":"(anonymous_32)","decl":{"start":{"line":259,"column":68},"end":{"line":259,"column":69}},"loc":{"start":{"line":259,"column":76},"end":{"line":259,"column":166}},"line":259},"33":{"name":"(anonymous_33)","decl":{"start":{"line":283,"column":4},"end":{"line":283,"column":5}},"loc":{"start":{"line":283,"column":29},"end":{"line":289,"column":5}},"line":283},"34":{"name":"(anonymous_34)","decl":{"start":{"line":290,"column":4},"end":{"line":290,"column":5}},"loc":{"start":{"line":290,"column":40},"end":{"line":296,"column":5}},"line":290},"35":{"name":"(anonymous_35)","decl":{"start":{"line":297,"column":4},"end":{"line":297,"column":5}},"loc":{"start":{"line":297,"column":27},"end":{"line":303,"column":5}},"line":297},"36":{"name":"(anonymous_36)","decl":{"start":{"line":304,"column":4},"end":{"line":304,"column":5}},"loc":{"start":{"line":304,"column":32},"end":{"line":323,"column":5}},"line":304},"37":{"name":"(anonymous_37)","decl":{"start":{"line":325,"column":4},"end":{"line":325,"column":5}},"loc":{"start":{"line":325,"column":42},"end":{"line":383,"column":5}},"line":325},"38":{"name":"(anonymous_38)","decl":{"start":{"line":326,"column":47},"end":{"line":326,"column":48}},"loc":{"start":{"line":326,"column":60},"end":{"line":382,"column":9}},"line":326},"39":{"name":"(anonymous_39)","decl":{"start":{"line":336,"column":61},"end":{"line":336,"column":62}},"loc":{"start":{"line":336,"column":76},"end":{"line":336,"column":118}},"line":336},"40":{"name":"(anonymous_40)","decl":{"start":{"line":341,"column":61},"end":{"line":341,"column":62}},"loc":{"start":{"line":341,"column":75},"end":{"line":348,"column":21}},"line":341},"41":{"name":"(anonymous_41)","decl":{"start":{"line":350,"column":54},"end":{"line":350,"column":55}},"loc":{"start":{"line":350,"column":87},"end":{"line":373,"column":22}},"line":350},"42":{"name":"(anonymous_42)","decl":{"start":{"line":350,"column":119},"end":{"line":350,"column":120}},"loc":{"start":{"line":350,"column":132},"end":{"line":373,"column":21}},"line":350},"43":{"name":"(anonymous_43)","decl":{"start":{"line":355,"column":36},"end":{"line":355,"column":37}},"loc":{"start":{"line":355,"column":50},"end":{"line":355,"column":143}},"line":355},"44":{"name":"(anonymous_44)","decl":{"start":{"line":356,"column":33},"end":{"line":356,"column":34}},"loc":{"start":{"line":356,"column":47},"end":{"line":356,"column":66}},"line":356},"45":{"name":"(anonymous_45)","decl":{"start":{"line":358,"column":64},"end":{"line":358,"column":65}},"loc":{"start":{"line":358,"column":87},"end":{"line":372,"column":26}},"line":358},"46":{"name":"(anonymous_46)","decl":{"start":{"line":358,"column":119},"end":{"line":358,"column":120}},"loc":{"start":{"line":358,"column":132},"end":{"line":372,"column":25}},"line":358},"47":{"name":"(anonymous_47)","decl":{"start":{"line":385,"column":4},"end":{"line":385,"column":5}},"loc":{"start":{"line":385,"column":51},"end":{"line":404,"column":5}},"line":385},"48":{"name":"(anonymous_48)","decl":{"start":{"line":386,"column":47},"end":{"line":386,"column":48}},"loc":{"start":{"line":386,"column":60},"end":{"line":403,"column":9}},"line":386},"49":{"name":"(anonymous_49)","decl":{"start":{"line":389,"column":50},"end":{"line":389,"column":51}},"loc":{"start":{"line":389,"column":66},"end":{"line":396,"column":18}},"line":389},"50":{"name":"(anonymous_50)","decl":{"start":{"line":389,"column":98},"end":{"line":389,"column":99}},"loc":{"start":{"line":389,"column":111},"end":{"line":396,"column":17}},"line":389},"51":{"name":"(anonymous_51)","decl":{"start":{"line":393,"column":57},"end":{"line":393,"column":58}},"loc":{"start":{"line":393,"column":71},"end":{"line":393,"column":102}},"line":393},"52":{"name":"(anonymous_52)","decl":{"start":{"line":393,"column":108},"end":{"line":393,"column":109}},"loc":{"start":{"line":393,"column":122},"end":{"line":393,"column":141}},"line":393},"53":{"name":"(anonymous_53)","decl":{"start":{"line":395,"column":55},"end":{"line":395,"column":56}},"loc":{"start":{"line":395,"column":65},"end":{"line":395,"column":140}},"line":395},"54":{"name":"(anonymous_54)","decl":{"start":{"line":405,"column":4},"end":{"line":405,"column":5}},"loc":{"start":{"line":405,"column":50},"end":{"line":448,"column":5}},"line":405},"55":{"name":"(anonymous_55)","decl":{"start":{"line":406,"column":47},"end":{"line":406,"column":48}},"loc":{"start":{"line":406,"column":60},"end":{"line":447,"column":9}},"line":406},"56":{"name":"(anonymous_56)","decl":{"start":{"line":413,"column":61},"end":{"line":413,"column":62}},"loc":{"start":{"line":413,"column":76},"end":{"line":413,"column":121}},"line":413},"57":{"name":"(anonymous_57)","decl":{"start":{"line":418,"column":54},"end":{"line":418,"column":55}},"loc":{"start":{"line":418,"column":87},"end":{"line":438,"column":22}},"line":418},"58":{"name":"(anonymous_58)","decl":{"start":{"line":418,"column":119},"end":{"line":418,"column":120}},"loc":{"start":{"line":418,"column":132},"end":{"line":438,"column":21}},"line":418},"59":{"name":"(anonymous_59)","decl":{"start":{"line":421,"column":61},"end":{"line":421,"column":62}},"loc":{"start":{"line":421,"column":75},"end":{"line":421,"column":101}},"line":421},"60":{"name":"(anonymous_60)","decl":{"start":{"line":421,"column":107},"end":{"line":421,"column":108}},"loc":{"start":{"line":421,"column":121},"end":{"line":421,"column":140}},"line":421},"61":{"name":"(anonymous_61)","decl":{"start":{"line":423,"column":63},"end":{"line":423,"column":64}},"loc":{"start":{"line":423,"column":94},"end":{"line":437,"column":26}},"line":423},"62":{"name":"(anonymous_62)","decl":{"start":{"line":423,"column":126},"end":{"line":423,"column":127}},"loc":{"start":{"line":423,"column":139},"end":{"line":437,"column":25}},"line":423},"63":{"name":"(anonymous_63)","decl":{"start":{"line":450,"column":4},"end":{"line":450,"column":5}},"loc":{"start":{"line":450,"column":45},"end":{"line":478,"column":5}},"line":450},"64":{"name":"(anonymous_64)","decl":{"start":{"line":451,"column":47},"end":{"line":451,"column":48}},"loc":{"start":{"line":451,"column":60},"end":{"line":477,"column":9}},"line":451},"65":{"name":"(anonymous_65)","decl":{"start":{"line":454,"column":93},"end":{"line":454,"column":94}},"loc":{"start":{"line":454,"column":107},"end":{"line":464,"column":17}},"line":454},"66":{"name":"(anonymous_66)","decl":{"start":{"line":480,"column":4},"end":{"line":480,"column":5}},"loc":{"start":{"line":480,"column":29},"end":{"line":489,"column":5}},"line":480},"67":{"name":"(anonymous_67)","decl":{"start":{"line":486,"column":37},"end":{"line":486,"column":38}},"loc":{"start":{"line":486,"column":51},"end":{"line":486,"column":165}},"line":486},"68":{"name":"(anonymous_68)","decl":{"start":{"line":491,"column":4},"end":{"line":491,"column":5}},"loc":{"start":{"line":491,"column":38},"end":{"line":567,"column":5}},"line":491},"69":{"name":"(anonymous_69)","decl":{"start":{"line":492,"column":47},"end":{"line":492,"column":48}},"loc":{"start":{"line":492,"column":60},"end":{"line":566,"column":9}},"line":492},"70":{"name":"(anonymous_70)","decl":{"start":{"line":533,"column":47},"end":{"line":533,"column":48}},"loc":{"start":{"line":533,"column":63},"end":{"line":557,"column":25}},"line":533},"71":{"name":"(anonymous_71)","decl":{"start":{"line":568,"column":4},"end":{"line":568,"column":5}},"loc":{"start":{"line":568,"column":34},"end":{"line":588,"column":5}},"line":568},"72":{"name":"(anonymous_72)","decl":{"start":{"line":569,"column":47},"end":{"line":569,"column":48}},"loc":{"start":{"line":569,"column":60},"end":{"line":587,"column":9}},"line":569},"73":{"name":"(anonymous_73)","decl":{"start":{"line":589,"column":4},"end":{"line":589,"column":5}},"loc":{"start":{"line":589,"column":34},"end":{"line":631,"column":5}},"line":589},"74":{"name":"(anonymous_74)","decl":{"start":{"line":590,"column":47},"end":{"line":590,"column":48}},"loc":{"start":{"line":590,"column":60},"end":{"line":630,"column":9}},"line":590},"75":{"name":"(anonymous_75)","decl":{"start":{"line":608,"column":42},"end":{"line":608,"column":43}},"loc":{"start":{"line":608,"column":53},"end":{"line":615,"column":21}},"line":608},"76":{"name":"(anonymous_76)","decl":{"start":{"line":632,"column":4},"end":{"line":632,"column":5}},"loc":{"start":{"line":632,"column":37},"end":{"line":714,"column":5}},"line":632},"77":{"name":"(anonymous_77)","decl":{"start":{"line":633,"column":47},"end":{"line":633,"column":48}},"loc":{"start":{"line":633,"column":60},"end":{"line":713,"column":9}},"line":633},"78":{"name":"(anonymous_78)","decl":{"start":{"line":679,"column":47},"end":{"line":679,"column":48}},"loc":{"start":{"line":679,"column":59},"end":{"line":704,"column":21}},"line":679},"79":{"name":"(anonymous_79)","decl":{"start":{"line":715,"column":4},"end":{"line":715,"column":5}},"loc":{"start":{"line":715,"column":36},"end":{"line":738,"column":5}},"line":715},"80":{"name":"(anonymous_80)","decl":{"start":{"line":716,"column":47},"end":{"line":716,"column":48}},"loc":{"start":{"line":716,"column":60},"end":{"line":737,"column":9}},"line":716},"81":{"name":"(anonymous_81)","decl":{"start":{"line":739,"column":4},"end":{"line":739,"column":5}},"loc":{"start":{"line":739,"column":32},"end":{"line":759,"column":5}},"line":739},"82":{"name":"(anonymous_82)","decl":{"start":{"line":740,"column":47},"end":{"line":740,"column":48}},"loc":{"start":{"line":740,"column":60},"end":{"line":758,"column":9}},"line":740},"83":{"name":"(anonymous_83)","decl":{"start":{"line":760,"column":4},"end":{"line":760,"column":5}},"loc":{"start":{"line":760,"column":34},"end":{"line":780,"column":5}},"line":760},"84":{"name":"(anonymous_84)","decl":{"start":{"line":761,"column":47},"end":{"line":761,"column":48}},"loc":{"start":{"line":761,"column":60},"end":{"line":779,"column":9}},"line":761},"85":{"name":"(anonymous_85)","decl":{"start":{"line":781,"column":4},"end":{"line":781,"column":5}},"loc":{"start":{"line":781,"column":35},"end":{"line":801,"column":5}},"line":781},"86":{"name":"(anonymous_86)","decl":{"start":{"line":782,"column":47},"end":{"line":782,"column":48}},"loc":{"start":{"line":782,"column":60},"end":{"line":800,"column":9}},"line":782},"87":{"name":"(anonymous_87)","decl":{"start":{"line":802,"column":4},"end":{"line":802,"column":5}},"loc":{"start":{"line":802,"column":33},"end":{"line":804,"column":5}},"line":802},"88":{"name":"(anonymous_88)","decl":{"start":{"line":805,"column":4},"end":{"line":805,"column":5}},"loc":{"start":{"line":805,"column":38},"end":{"line":832,"column":5}},"line":805},"89":{"name":"(anonymous_89)","decl":{"start":{"line":806,"column":47},"end":{"line":806,"column":48}},"loc":{"start":{"line":806,"column":60},"end":{"line":831,"column":9}},"line":806},"90":{"name":"(anonymous_90)","decl":{"start":{"line":808,"column":68},"end":{"line":808,"column":69}},"loc":{"start":{"line":808,"column":90},"end":{"line":815,"column":18}},"line":808},"91":{"name":"(anonymous_91)","decl":{"start":{"line":808,"column":122},"end":{"line":808,"column":123}},"loc":{"start":{"line":808,"column":135},"end":{"line":815,"column":17}},"line":808},"92":{"name":"(anonymous_92)","decl":{"start":{"line":811,"column":82},"end":{"line":811,"column":83}},"loc":{"start":{"line":811,"column":93},"end":{"line":811,"column":117}},"line":811},"93":{"name":"(anonymous_93)","decl":{"start":{"line":818,"column":38},"end":{"line":818,"column":39}},"loc":{"start":{"line":818,"column":49},"end":{"line":818,"column":76}},"line":818},"94":{"name":"(anonymous_94)","decl":{"start":{"line":833,"column":4},"end":{"line":833,"column":5}},"loc":{"start":{"line":833,"column":36},"end":{"line":866,"column":5}},"line":833},"95":{"name":"(anonymous_95)","decl":{"start":{"line":834,"column":47},"end":{"line":834,"column":48}},"loc":{"start":{"line":834,"column":60},"end":{"line":865,"column":9}},"line":834}},"branchMap":{"0":{"loc":{"start":{"line":2,"column":16},"end":{"line":9,"column":1}},"type":"binary-expr","locations":[{"start":{"line":2,"column":17},"end":{"line":2,"column":21}},{"start":{"line":2,"column":25},"end":{"line":2,"column":39}},{"start":{"line":2,"column":44},"end":{"line":9,"column":1}}],"line":2},"1":{"loc":{"start":{"line":3,"column":16},"end":{"line":3,"column":34}},"type":"binary-expr","locations":[{"start":{"line":3,"column":16},"end":{"line":3,"column":17}},{"start":{"line":3,"column":22},"end":{"line":3,"column":33}}],"line":3},"2":{"loc":{"start":{"line":6,"column":32},"end":{"line":6,"column":148}},"type":"cond-expr","locations":[{"start":{"line":6,"column":46},"end":{"line":6,"column":67}},{"start":{"line":6,"column":70},"end":{"line":6,"column":148}}],"line":6},"3":{"loc":{"start":{"line":7,"column":51},"end":{"line":7,"column":67}},"type":"binary-expr","locations":[{"start":{"line":7,"column":51},"end":{"line":7,"column":61}},{"start":{"line":7,"column":65},"end":{"line":7,"column":67}}],"line":7},"4":{"loc":{"start":{"line":23,"column":0},"end":{"line":30,"column":1}},"type":"if","locations":[{"start":{"line":23,"column":0},"end":{"line":30,"column":1}},{"start":{"line":23,"column":0},"end":{"line":30,"column":1}}],"line":23},"5":{"loc":{"start":{"line":34,"column":4},"end":{"line":57,"column":5}},"type":"if","locations":[{"start":{"line":34,"column":4},"end":{"line":57,"column":5}},{"start":{"line":34,"column":4},"end":{"line":57,"column":5}}],"line":34},"6":{"loc":{"start":{"line":34,"column":8},"end":{"line":34,"column":87}},"type":"binary-expr","locations":[{"start":{"line":34,"column":8},"end":{"line":34,"column":28}},{"start":{"line":34,"column":32},"end":{"line":34,"column":57}},{"start":{"line":34,"column":61},"end":{"line":34,"column":87}}],"line":34},"7":{"loc":{"start":{"line":35,"column":8},"end":{"line":46,"column":9}},"type":"if","locations":[{"start":{"line":35,"column":8},"end":{"line":46,"column":9}},{"start":{"line":35,"column":8},"end":{"line":46,"column":9}}],"line":35},"8":{"loc":{"start":{"line":37,"column":39},"end":{"line":37,"column":91}},"type":"cond-expr","locations":[{"start":{"line":37,"column":62},"end":{"line":37,"column":87}},{"start":{"line":37,"column":90},"end":{"line":37,"column":91}}],"line":37},"9":{"loc":{"start":{"line":39,"column":13},"end":{"line":46,"column":9}},"type":"if","locations":[{"start":{"line":39,"column":13},"end":{"line":46,"column":9}},{"start":{"line":39,"column":13},"end":{"line":46,"column":9}}],"line":39},"10":{"loc":{"start":{"line":39,"column":17},"end":{"line":39,"column":61}},"type":"binary-expr","locations":[{"start":{"line":39,"column":17},"end":{"line":39,"column":43}},{"start":{"line":39,"column":47},"end":{"line":39,"column":61}}],"line":39},"11":{"loc":{"start":{"line":50,"column":23},"end":{"line":50,"column":100}},"type":"cond-expr","locations":[{"start":{"line":50,"column":70},"end":{"line":50,"column":84}},{"start":{"line":50,"column":87},"end":{"line":50,"column":100}}],"line":50},"12":{"loc":{"start":{"line":50,"column":23},"end":{"line":50,"column":67}},"type":"binary-expr","locations":[{"start":{"line":50,"column":23},"end":{"line":50,"column":37}},{"start":{"line":50,"column":41},"end":{"line":50,"column":67}}],"line":50},"13":{"loc":{"start":{"line":51,"column":8},"end":{"line":56,"column":9}},"type":"if","locations":[{"start":{"line":51,"column":8},"end":{"line":56,"column":9}},{"start":{"line":51,"column":8},"end":{"line":56,"column":9}}],"line":51},"14":{"loc":{"start":{"line":54,"column":13},"end":{"line":56,"column":9}},"type":"if","locations":[{"start":{"line":54,"column":13},"end":{"line":56,"column":9}},{"start":{"line":54,"column":13},"end":{"line":56,"column":9}}],"line":54},"15":{"loc":{"start":{"line":139,"column":105},"end":{"line":139,"column":134}},"type":"cond-expr","locations":[{"start":{"line":139,"column":111},"end":{"line":139,"column":122}},{"start":{"line":139,"column":125},"end":{"line":139,"column":134}}],"line":139},"16":{"loc":{"start":{"line":140,"column":36},"end":{"line":140,"column":58}},"type":"binary-expr","locations":[{"start":{"line":140,"column":36},"end":{"line":140,"column":52}},{"start":{"line":140,"column":56},"end":{"line":140,"column":58}}],"line":140},"17":{"loc":{"start":{"line":141,"column":42},"end":{"line":141,"column":73}},"type":"binary-expr","locations":[{"start":{"line":141,"column":42},"end":{"line":141,"column":64}},{"start":{"line":141,"column":68},"end":{"line":141,"column":73}}],"line":141},"18":{"loc":{"start":{"line":142,"column":36},"end":{"line":142,"column":51}},"type":"binary-expr","locations":[{"start":{"line":142,"column":36},"end":{"line":142,"column":45}},{"start":{"line":142,"column":49},"end":{"line":142,"column":51}}],"line":142},"19":{"loc":{"start":{"line":143,"column":28},"end":{"line":143,"column":53}},"type":"binary-expr","locations":[{"start":{"line":143,"column":28},"end":{"line":143,"column":36}},{"start":{"line":143,"column":40},"end":{"line":143,"column":53}}],"line":143},"20":{"loc":{"start":{"line":144,"column":28},"end":{"line":144,"column":51}},"type":"binary-expr","locations":[{"start":{"line":144,"column":28},"end":{"line":144,"column":36}},{"start":{"line":144,"column":40},"end":{"line":144,"column":51}}],"line":144},"21":{"loc":{"start":{"line":146,"column":16},"end":{"line":170,"column":17}},"type":"if","locations":[{"start":{"line":146,"column":16},"end":{"line":170,"column":17}},{"start":{"line":146,"column":16},"end":{"line":170,"column":17}}],"line":146},"22":{"loc":{"start":{"line":179,"column":24},"end":{"line":181,"column":25}},"type":"if","locations":[{"start":{"line":179,"column":24},"end":{"line":181,"column":25}},{"start":{"line":179,"column":24},"end":{"line":181,"column":25}}],"line":179},"23":{"loc":{"start":{"line":185,"column":28},"end":{"line":196,"column":29}},"type":"if","locations":[{"start":{"line":185,"column":28},"end":{"line":196,"column":29}},{"start":{"line":185,"column":28},"end":{"line":196,"column":29}}],"line":185},"24":{"loc":{"start":{"line":186,"column":32},"end":{"line":188,"column":33}},"type":"if","locations":[{"start":{"line":186,"column":32},"end":{"line":188,"column":33}},{"start":{"line":186,"column":32},"end":{"line":188,"column":33}}],"line":186},"25":{"loc":{"start":{"line":189,"column":32},"end":{"line":191,"column":33}},"type":"if","locations":[{"start":{"line":189,"column":32},"end":{"line":191,"column":33}},{"start":{"line":189,"column":32},"end":{"line":191,"column":33}}],"line":189},"26":{"loc":{"start":{"line":206,"column":47},"end":{"line":206,"column":72}},"type":"binary-expr","locations":[{"start":{"line":206,"column":47},"end":{"line":206,"column":66}},{"start":{"line":206,"column":70},"end":{"line":206,"column":72}}],"line":206},"27":{"loc":{"start":{"line":212,"column":62},"end":{"line":212,"column":108}},"type":"cond-expr","locations":[{"start":{"line":212,"column":87},"end":{"line":212,"column":100}},{"start":{"line":212,"column":103},"end":{"line":212,"column":108}}],"line":212},"28":{"loc":{"start":{"line":219,"column":30},"end":{"line":219,"column":47}},"type":"binary-expr","locations":[{"start":{"line":219,"column":30},"end":{"line":219,"column":39}},{"start":{"line":219,"column":43},"end":{"line":219,"column":47}}],"line":219},"29":{"loc":{"start":{"line":219,"column":60},"end":{"line":219,"column":93}},"type":"cond-expr","locations":[{"start":{"line":219,"column":68},"end":{"line":219,"column":81}},{"start":{"line":219,"column":84},"end":{"line":219,"column":93}}],"line":219},"30":{"loc":{"start":{"line":222,"column":16},"end":{"line":224,"column":17}},"type":"if","locations":[{"start":{"line":222,"column":16},"end":{"line":224,"column":17}},{"start":{"line":222,"column":16},"end":{"line":224,"column":17}}],"line":222},"31":{"loc":{"start":{"line":225,"column":16},"end":{"line":227,"column":17}},"type":"if","locations":[{"start":{"line":225,"column":16},"end":{"line":227,"column":17}},{"start":{"line":225,"column":16},"end":{"line":227,"column":17}}],"line":225},"32":{"loc":{"start":{"line":244,"column":12},"end":{"line":279,"column":13}},"type":"if","locations":[{"start":{"line":244,"column":12},"end":{"line":279,"column":13}},{"start":{"line":244,"column":12},"end":{"line":279,"column":13}}],"line":244},"33":{"loc":{"start":{"line":248,"column":17},"end":{"line":279,"column":13}},"type":"if","locations":[{"start":{"line":248,"column":17},"end":{"line":279,"column":13}},{"start":{"line":248,"column":17},"end":{"line":279,"column":13}}],"line":248},"34":{"loc":{"start":{"line":253,"column":17},"end":{"line":279,"column":13}},"type":"if","locations":[{"start":{"line":253,"column":17},"end":{"line":279,"column":13}},{"start":{"line":253,"column":17},"end":{"line":279,"column":13}}],"line":253},"35":{"loc":{"start":{"line":257,"column":16},"end":{"line":275,"column":17}},"type":"if","locations":[{"start":{"line":257,"column":16},"end":{"line":275,"column":17}},{"start":{"line":257,"column":16},"end":{"line":275,"column":17}}],"line":257},"36":{"loc":{"start":{"line":259,"column":20},"end":{"line":263,"column":21}},"type":"if","locations":[{"start":{"line":259,"column":20},"end":{"line":263,"column":21}},{"start":{"line":259,"column":20},"end":{"line":263,"column":21}}],"line":259},"37":{"loc":{"start":{"line":259,"column":24},"end":{"line":259,"column":167}},"type":"binary-expr","locations":[{"start":{"line":259,"column":24},"end":{"line":259,"column":41}},{"start":{"line":259,"column":45},"end":{"line":259,"column":167}}],"line":259},"38":{"loc":{"start":{"line":267,"column":21},"end":{"line":275,"column":17}},"type":"if","locations":[{"start":{"line":267,"column":21},"end":{"line":275,"column":17}},{"start":{"line":267,"column":21},"end":{"line":275,"column":17}}],"line":267},"39":{"loc":{"start":{"line":270,"column":21},"end":{"line":275,"column":17}},"type":"if","locations":[{"start":{"line":270,"column":21},"end":{"line":275,"column":17}},{"start":{"line":270,"column":21},"end":{"line":275,"column":17}}],"line":270},"40":{"loc":{"start":{"line":284,"column":8},"end":{"line":287,"column":9}},"type":"if","locations":[{"start":{"line":284,"column":8},"end":{"line":287,"column":9}},{"start":{"line":284,"column":8},"end":{"line":287,"column":9}}],"line":284},"41":{"loc":{"start":{"line":284,"column":12},"end":{"line":284,"column":40}},"type":"binary-expr","locations":[{"start":{"line":284,"column":12},"end":{"line":284,"column":22}},{"start":{"line":284,"column":26},"end":{"line":284,"column":40}}],"line":284},"42":{"loc":{"start":{"line":290,"column":21},"end":{"line":290,"column":38}},"type":"default-arg","locations":[{"start":{"line":290,"column":33},"end":{"line":290,"column":38}}],"line":290},"43":{"loc":{"start":{"line":291,"column":8},"end":{"line":294,"column":9}},"type":"if","locations":[{"start":{"line":291,"column":8},"end":{"line":294,"column":9}},{"start":{"line":291,"column":8},"end":{"line":294,"column":9}}],"line":291},"44":{"loc":{"start":{"line":291,"column":12},"end":{"line":291,"column":54}},"type":"binary-expr","locations":[{"start":{"line":291,"column":12},"end":{"line":291,"column":22}},{"start":{"line":291,"column":26},"end":{"line":291,"column":40}},{"start":{"line":291,"column":44},"end":{"line":291,"column":54}}],"line":291},"45":{"loc":{"start":{"line":298,"column":8},"end":{"line":301,"column":9}},"type":"if","locations":[{"start":{"line":298,"column":8},"end":{"line":301,"column":9}},{"start":{"line":298,"column":8},"end":{"line":301,"column":9}}],"line":298},"46":{"loc":{"start":{"line":298,"column":12},"end":{"line":298,"column":40}},"type":"binary-expr","locations":[{"start":{"line":298,"column":12},"end":{"line":298,"column":22}},{"start":{"line":298,"column":26},"end":{"line":298,"column":40}}],"line":298},"47":{"loc":{"start":{"line":305,"column":8},"end":{"line":322,"column":9}},"type":"if","locations":[{"start":{"line":305,"column":8},"end":{"line":322,"column":9}},{"start":{"line":305,"column":8},"end":{"line":322,"column":9}}],"line":305},"48":{"loc":{"start":{"line":309,"column":12},"end":{"line":317,"column":13}},"type":"if","locations":[{"start":{"line":309,"column":12},"end":{"line":317,"column":13}},{"start":{"line":309,"column":12},"end":{"line":317,"column":13}}],"line":309},"49":{"loc":{"start":{"line":312,"column":17},"end":{"line":317,"column":13}},"type":"if","locations":[{"start":{"line":312,"column":17},"end":{"line":317,"column":13}},{"start":{"line":312,"column":17},"end":{"line":317,"column":13}}],"line":312},"50":{"loc":{"start":{"line":334,"column":16},"end":{"line":374,"column":17}},"type":"if","locations":[{"start":{"line":334,"column":16},"end":{"line":374,"column":17}},{"start":{"line":334,"column":16},"end":{"line":374,"column":17}}],"line":334},"51":{"loc":{"start":{"line":342,"column":24},"end":{"line":347,"column":25}},"type":"if","locations":[{"start":{"line":342,"column":24},"end":{"line":347,"column":25}},{"start":{"line":342,"column":24},"end":{"line":347,"column":25}}],"line":342},"52":{"loc":{"start":{"line":355,"column":50},"end":{"line":355,"column":143}},"type":"binary-expr","locations":[{"start":{"line":355,"column":50},"end":{"line":355,"column":93}},{"start":{"line":355,"column":97},"end":{"line":355,"column":143}}],"line":355},"53":{"loc":{"start":{"line":362,"column":32},"end":{"line":364,"column":33}},"type":"if","locations":[{"start":{"line":362,"column":32},"end":{"line":364,"column":33}},{"start":{"line":362,"column":32},"end":{"line":364,"column":33}}],"line":362},"54":{"loc":{"start":{"line":368,"column":32},"end":{"line":370,"column":33}},"type":"if","locations":[{"start":{"line":368,"column":32},"end":{"line":370,"column":33}},{"start":{"line":368,"column":32},"end":{"line":370,"column":33}}],"line":368},"55":{"loc":{"start":{"line":411,"column":16},"end":{"line":439,"column":17}},"type":"if","locations":[{"start":{"line":411,"column":16},"end":{"line":439,"column":17}},{"start":{"line":411,"column":16},"end":{"line":439,"column":17}}],"line":411},"56":{"loc":{"start":{"line":427,"column":32},"end":{"line":429,"column":33}},"type":"if","locations":[{"start":{"line":427,"column":32},"end":{"line":429,"column":33}},{"start":{"line":427,"column":32},"end":{"line":429,"column":33}}],"line":427},"57":{"loc":{"start":{"line":433,"column":32},"end":{"line":435,"column":33}},"type":"if","locations":[{"start":{"line":433,"column":32},"end":{"line":435,"column":33}},{"start":{"line":433,"column":32},"end":{"line":435,"column":33}}],"line":433},"58":{"loc":{"start":{"line":434,"column":91},"end":{"line":434,"column":137}},"type":"cond-expr","locations":[{"start":{"line":434,"column":116},"end":{"line":434,"column":129}},{"start":{"line":434,"column":132},"end":{"line":434,"column":137}}],"line":434},"59":{"loc":{"start":{"line":457,"column":20},"end":{"line":463,"column":21}},"type":"if","locations":[{"start":{"line":457,"column":20},"end":{"line":463,"column":21}},{"start":{"line":457,"column":20},"end":{"line":463,"column":21}}],"line":457},"60":{"loc":{"start":{"line":495,"column":16},"end":{"line":497,"column":17}},"type":"if","locations":[{"start":{"line":495,"column":16},"end":{"line":497,"column":17}},{"start":{"line":495,"column":16},"end":{"line":497,"column":17}}],"line":495},"61":{"loc":{"start":{"line":504,"column":16},"end":{"line":559,"column":17}},"type":"if","locations":[{"start":{"line":504,"column":16},"end":{"line":559,"column":17}},{"start":{"line":504,"column":16},"end":{"line":559,"column":17}}],"line":504},"62":{"loc":{"start":{"line":504,"column":20},"end":{"line":504,"column":68}},"type":"binary-expr","locations":[{"start":{"line":504,"column":20},"end":{"line":504,"column":38}},{"start":{"line":504,"column":42},"end":{"line":504,"column":48}},{"start":{"line":504,"column":52},"end":{"line":504,"column":68}}],"line":504},"63":{"loc":{"start":{"line":514,"column":20},"end":{"line":527,"column":21}},"type":"if","locations":[{"start":{"line":514,"column":20},"end":{"line":527,"column":21}},{"start":{"line":514,"column":20},"end":{"line":527,"column":21}}],"line":514},"64":{"loc":{"start":{"line":537,"column":28},"end":{"line":550,"column":29}},"type":"if","locations":[{"start":{"line":537,"column":28},"end":{"line":550,"column":29}},{"start":{"line":537,"column":28},"end":{"line":550,"column":29}}],"line":537},"65":{"loc":{"start":{"line":541,"column":49},"end":{"line":541,"column":106}},"type":"cond-expr","locations":[{"start":{"line":541,"column":78},"end":{"line":541,"column":88}},{"start":{"line":541,"column":91},"end":{"line":541,"column":106}}],"line":541},"66":{"loc":{"start":{"line":571,"column":16},"end":{"line":573,"column":17}},"type":"if","locations":[{"start":{"line":571,"column":16},"end":{"line":573,"column":17}},{"start":{"line":571,"column":16},"end":{"line":573,"column":17}}],"line":571},"67":{"loc":{"start":{"line":576,"column":16},"end":{"line":579,"column":17}},"type":"if","locations":[{"start":{"line":576,"column":16},"end":{"line":579,"column":17}},{"start":{"line":576,"column":16},"end":{"line":579,"column":17}}],"line":576},"68":{"loc":{"start":{"line":593,"column":16},"end":{"line":622,"column":17}},"type":"if","locations":[{"start":{"line":593,"column":16},"end":{"line":622,"column":17}},{"start":{"line":593,"column":16},"end":{"line":622,"column":17}}],"line":593},"69":{"loc":{"start":{"line":596,"column":20},"end":{"line":600,"column":21}},"type":"if","locations":[{"start":{"line":596,"column":20},"end":{"line":600,"column":21}},{"start":{"line":596,"column":20},"end":{"line":600,"column":21}}],"line":596},"70":{"loc":{"start":{"line":604,"column":20},"end":{"line":606,"column":21}},"type":"if","locations":[{"start":{"line":604,"column":20},"end":{"line":606,"column":21}},{"start":{"line":604,"column":20},"end":{"line":606,"column":21}}],"line":604},"71":{"loc":{"start":{"line":617,"column":20},"end":{"line":621,"column":21}},"type":"if","locations":[{"start":{"line":617,"column":20},"end":{"line":621,"column":21}},{"start":{"line":617,"column":20},"end":{"line":621,"column":21}}],"line":617},"72":{"loc":{"start":{"line":617,"column":24},"end":{"line":617,"column":50}},"type":"binary-expr","locations":[{"start":{"line":617,"column":24},"end":{"line":617,"column":30}},{"start":{"line":617,"column":34},"end":{"line":617,"column":50}}],"line":617},"73":{"loc":{"start":{"line":637,"column":16},"end":{"line":705,"column":17}},"type":"if","locations":[{"start":{"line":637,"column":16},"end":{"line":705,"column":17}},{"start":{"line":637,"column":16},"end":{"line":705,"column":17}}],"line":637},"74":{"loc":{"start":{"line":644,"column":20},"end":{"line":646,"column":21}},"type":"if","locations":[{"start":{"line":644,"column":20},"end":{"line":646,"column":21}},{"start":{"line":644,"column":20},"end":{"line":646,"column":21}}],"line":644},"75":{"loc":{"start":{"line":651,"column":20},"end":{"line":678,"column":21}},"type":"if","locations":[{"start":{"line":651,"column":20},"end":{"line":678,"column":21}},{"start":{"line":651,"column":20},"end":{"line":678,"column":21}}],"line":651},"76":{"loc":{"start":{"line":656,"column":25},"end":{"line":678,"column":21}},"type":"if","locations":[{"start":{"line":656,"column":25},"end":{"line":678,"column":21}},{"start":{"line":656,"column":25},"end":{"line":678,"column":21}}],"line":656},"77":{"loc":{"start":{"line":659,"column":24},"end":{"line":669,"column":25}},"type":"if","locations":[{"start":{"line":659,"column":24},"end":{"line":669,"column":25}},{"start":{"line":659,"column":24},"end":{"line":669,"column":25}}],"line":659},"78":{"loc":{"start":{"line":660,"column":28},"end":{"line":665,"column":29}},"type":"if","locations":[{"start":{"line":660,"column":28},"end":{"line":665,"column":29}},{"start":{"line":660,"column":28},"end":{"line":665,"column":29}}],"line":660},"79":{"loc":{"start":{"line":671,"column":25},"end":{"line":678,"column":21}},"type":"if","locations":[{"start":{"line":671,"column":25},"end":{"line":678,"column":21}},{"start":{"line":671,"column":25},"end":{"line":678,"column":21}}],"line":671},"80":{"loc":{"start":{"line":674,"column":37},"end":{"line":674,"column":82}},"type":"cond-expr","locations":[{"start":{"line":674,"column":60},"end":{"line":674,"column":77}},{"start":{"line":674,"column":80},"end":{"line":674,"column":82}}],"line":674},"81":{"loc":{"start":{"line":682,"column":24},"end":{"line":696,"column":25}},"type":"if","locations":[{"start":{"line":682,"column":24},"end":{"line":696,"column":25}},{"start":{"line":682,"column":24},"end":{"line":696,"column":25}}],"line":682},"82":{"loc":{"start":{"line":682,"column":28},"end":{"line":682,"column":107}},"type":"binary-expr","locations":[{"start":{"line":682,"column":28},"end":{"line":682,"column":48}},{"start":{"line":682,"column":52},"end":{"line":682,"column":77}},{"start":{"line":682,"column":81},"end":{"line":682,"column":107}}],"line":682},"83":{"loc":{"start":{"line":687,"column":28},"end":{"line":692,"column":29}},"type":"if","locations":[{"start":{"line":687,"column":28},"end":{"line":692,"column":29}},{"start":{"line":687,"column":28},"end":{"line":692,"column":29}}],"line":687},"84":{"loc":{"start":{"line":690,"column":33},"end":{"line":692,"column":29}},"type":"if","locations":[{"start":{"line":690,"column":33},"end":{"line":692,"column":29}},{"start":{"line":690,"column":33},"end":{"line":692,"column":29}}],"line":690},"85":{"loc":{"start":{"line":720,"column":16},"end":{"line":722,"column":17}},"type":"if","locations":[{"start":{"line":720,"column":16},"end":{"line":722,"column":17}},{"start":{"line":720,"column":16},"end":{"line":722,"column":17}}],"line":720},"86":{"loc":{"start":{"line":727,"column":16},"end":{"line":729,"column":17}},"type":"if","locations":[{"start":{"line":727,"column":16},"end":{"line":729,"column":17}},{"start":{"line":727,"column":16},"end":{"line":729,"column":17}}],"line":727},"87":{"loc":{"start":{"line":744,"column":16},"end":{"line":746,"column":17}},"type":"if","locations":[{"start":{"line":744,"column":16},"end":{"line":746,"column":17}},{"start":{"line":744,"column":16},"end":{"line":746,"column":17}}],"line":744},"88":{"loc":{"start":{"line":751,"column":16},"end":{"line":753,"column":17}},"type":"if","locations":[{"start":{"line":751,"column":16},"end":{"line":753,"column":17}},{"start":{"line":751,"column":16},"end":{"line":753,"column":17}}],"line":751},"89":{"loc":{"start":{"line":765,"column":16},"end":{"line":767,"column":17}},"type":"if","locations":[{"start":{"line":765,"column":16},"end":{"line":767,"column":17}},{"start":{"line":765,"column":16},"end":{"line":767,"column":17}}],"line":765},"90":{"loc":{"start":{"line":772,"column":16},"end":{"line":774,"column":17}},"type":"if","locations":[{"start":{"line":772,"column":16},"end":{"line":774,"column":17}},{"start":{"line":772,"column":16},"end":{"line":774,"column":17}}],"line":772},"91":{"loc":{"start":{"line":786,"column":16},"end":{"line":788,"column":17}},"type":"if","locations":[{"start":{"line":786,"column":16},"end":{"line":788,"column":17}},{"start":{"line":786,"column":16},"end":{"line":788,"column":17}}],"line":786},"92":{"loc":{"start":{"line":793,"column":16},"end":{"line":795,"column":17}},"type":"if","locations":[{"start":{"line":793,"column":16},"end":{"line":795,"column":17}},{"start":{"line":793,"column":16},"end":{"line":795,"column":17}}],"line":793},"93":{"loc":{"start":{"line":817,"column":16},"end":{"line":819,"column":17}},"type":"if","locations":[{"start":{"line":817,"column":16},"end":{"line":819,"column":17}},{"start":{"line":817,"column":16},"end":{"line":819,"column":17}}],"line":817},"94":{"loc":{"start":{"line":821,"column":16},"end":{"line":823,"column":17}},"type":"if","locations":[{"start":{"line":821,"column":16},"end":{"line":823,"column":17}},{"start":{"line":821,"column":16},"end":{"line":823,"column":17}}],"line":821},"95":{"loc":{"start":{"line":836,"column":16},"end":{"line":838,"column":17}},"type":"if","locations":[{"start":{"line":836,"column":16},"end":{"line":838,"column":17}},{"start":{"line":836,"column":16},"end":{"line":838,"column":17}}],"line":836},"96":{"loc":{"start":{"line":839,"column":16},"end":{"line":841,"column":17}},"type":"if","locations":[{"start":{"line":839,"column":16},"end":{"line":841,"column":17}},{"start":{"line":839,"column":16},"end":{"line":841,"column":17}}],"line":839},"97":{"loc":{"start":{"line":844,"column":16},"end":{"line":859,"column":17}},"type":"if","locations":[{"start":{"line":844,"column":16},"end":{"line":859,"column":17}},{"start":{"line":844,"column":16},"end":{"line":859,"column":17}}],"line":844},"98":{"loc":{"start":{"line":848,"column":20},"end":{"line":854,"column":21}},"type":"if","locations":[{"start":{"line":848,"column":20},"end":{"line":854,"column":21}},{"start":{"line":848,"column":20},"end":{"line":854,"column":21}}],"line":848},"99":{"loc":{"start":{"line":848,"column":24},"end":{"line":848,"column":97}},"type":"binary-expr","locations":[{"start":{"line":848,"column":24},"end":{"line":848,"column":42}},{"start":{"line":848,"column":46},"end":{"line":848,"column":69}},{"start":{"line":848,"column":73},"end":{"line":848,"column":97}}],"line":848}},"s":{"0":1,"1":13,"2":22,"3":22,"4":0,"5":0,"6":0,"7":0,"8":35,"9":22,"10":13,"11":1,"12":1,"13":1,"14":1,"15":1,"16":1,"17":1,"18":1,"19":1,"20":1,"21":1,"22":1,"23":1,"24":1,"25":0,"26":0,"27":0,"28":0,"29":0,"30":0,"31":0,"32":0,"33":0,"34":0,"35":0,"36":0,"37":0,"38":0,"39":1,"40":1,"41":1,"42":1,"43":1,"44":1,"45":1,"46":1,"47":1,"48":1,"49":1,"50":1,"51":1,"52":1,"53":1,"54":1,"55":1,"56":1,"57":1,"58":0,"59":0,"60":1,"61":1,"62":1,"63":1,"64":1,"65":1,"66":1,"67":1,"68":1,"69":1,"70":1,"71":1,"72":1,"73":0,"74":0,"75":0,"76":1,"77":1,"78":3,"79":1,"80":3,"81":1,"82":1,"83":1,"84":0,"85":1,"86":1,"87":1,"88":1,"89":1,"90":1,"91":1,"92":1,"93":1,"94":0,"95":1,"96":1,"97":1,"98":1,"99":0,"100":0,"101":0,"102":0,"103":0,"104":0,"105":0,"106":0,"107":1,"108":0,"109":1,"110":1,"111":1,"112":1,"113":1,"114":1,"115":0,"116":1,"117":0,"118":1,"119":0,"120":0,"121":1,"122":1,"123":1,"124":1,"125":1,"126":1,"127":1,"128":0,"129":0,"130":1,"131":6,"132":6,"133":6,"134":6,"135":1,"136":1,"137":5,"138":1,"139":1,"140":1,"141":4,"142":4,"143":4,"144":4,"145":4,"146":4,"147":4,"148":0,"149":0,"150":0,"151":0,"152":0,"153":0,"154":0,"155":0,"156":0,"157":0,"158":5,"159":0,"160":0,"161":5,"162":10,"163":0,"164":0,"165":10,"166":5,"167":0,"168":0,"169":5,"170":0,"171":0,"172":0,"173":0,"174":0,"175":0,"176":0,"177":0,"178":0,"179":0,"180":0,"181":0,"182":0,"183":0,"184":0,"185":0,"186":0,"187":0,"188":0,"189":0,"190":0,"191":0,"192":0,"193":0,"194":0,"195":0,"196":0,"197":0,"198":0,"199":0,"200":0,"201":0,"202":0,"203":0,"204":0,"205":0,"206":0,"207":0,"208":0,"209":0,"210":0,"211":1,"212":1,"213":1,"214":1,"215":1,"216":1,"217":1,"218":0,"219":0,"220":1,"221":1,"222":0,"223":0,"224":1,"225":0,"226":0,"227":0,"228":0,"229":0,"230":0,"231":0,"232":0,"233":0,"234":0,"235":0,"236":0,"237":0,"238":0,"239":0,"240":0,"241":0,"242":0,"243":0,"244":0,"245":0,"246":0,"247":0,"248":0,"249":0,"250":1,"251":1,"252":1,"253":1,"254":1,"255":1,"256":0,"257":1,"258":0,"259":0,"260":0,"261":0,"262":1,"263":1,"264":1,"265":0,"266":0,"267":0,"268":0,"269":0,"270":0,"271":0,"272":0,"273":0,"274":0,"275":0,"276":0,"277":0,"278":0,"279":0,"280":0,"281":0,"282":0,"283":0,"284":0,"285":0,"286":0,"287":0,"288":0,"289":0,"290":0,"291":0,"292":0,"293":0,"294":0,"295":0,"296":0,"297":0,"298":0,"299":0,"300":0,"301":0,"302":0,"303":0,"304":0,"305":0,"306":0,"307":0,"308":0,"309":0,"310":0,"311":0,"312":0,"313":0,"314":0,"315":0,"316":0,"317":0,"318":0,"319":0,"320":0,"321":0,"322":0,"323":0,"324":0,"325":0,"326":0,"327":0,"328":0,"329":0,"330":0,"331":0,"332":0,"333":0,"334":0,"335":0,"336":0,"337":0,"338":0,"339":0,"340":0,"341":0,"342":0,"343":0,"344":0,"345":0,"346":0,"347":0,"348":0,"349":0,"350":0,"351":0,"352":0,"353":0,"354":0,"355":0,"356":0,"357":0,"358":0,"359":0,"360":0,"361":0,"362":0,"363":0,"364":0,"365":0,"366":0,"367":0,"368":0,"369":0,"370":0,"371":0,"372":0,"373":0,"374":0,"375":0,"376":0,"377":0,"378":0,"379":0,"380":0,"381":0,"382":0,"383":0,"384":0,"385":0,"386":0,"387":0,"388":0,"389":0,"390":0,"391":0,"392":0,"393":0,"394":0,"395":0,"396":0,"397":0,"398":0,"399":0,"400":0,"401":0,"402":0,"403":0,"404":0,"405":0,"406":0,"407":0,"408":0,"409":0,"410":0,"411":0,"412":0,"413":0,"414":0,"415":0,"416":0,"417":0,"418":0,"419":0,"420":0,"421":0,"422":0,"423":0,"424
[...]
":"be433d7fa3a38272325fffcc2119d65b_11.0.3"},"/home/travis/build/felixfbecker/vscode-php-debug/out/terminal.js":{"path":"/home/travis/build/felixfbecker/vscode-php-debug/out/terminal.js","statementMap":{"0":{"start":{"line":6,"column":0},"end":{"line":6,"column":62}},"1":{"start":{"line":7,"column":13},"end":{"line":7,"column":28}},"2":{"start":{"line":8,"column":11},"end":{"line":8,"column":24}},"3":{"start":{"line":9,"column":11},"end":{"line":9,"column":35}},"4":{"start":{"line":12,"column":8},"end":{"line":12,"column":75}},"5":{"start":{"line":15,"column":8},"end":{"line":15,"column":58}},"6":{"start":{"line":21,"column":8},"end":{"line":21,"column":56}},"7":{"start":{"line":24,"column":8},"end":{"line":37,"column":9}},"8":{"start":{"line":25,"column":12},"end":{"line":36,"column":13}},"9":{"start":{"line":26,"column":16},"end":{"line":26,"column":69}},"10":{"start":{"line":28,"column":17},"end":{"line":36,"column":13}},"11":{"start":{"line":29,"column":16},"end":{"line":29,"column":65}},"12":{"start":{"line":31,"column":17},"end":{"line":36,"column":13}},"13":{"start":{"line":32,"column":16},"end":{"line":32,"column":67}},"14":{"start":{"line":35,"column":16},"end":{"line":35,"column":69}},"15":{"start":{"line":38,"column":8},"end":{"line":38,"column":37}},"16":{"start":{"line":41,"column":0},"end":{"line":41,"column":28}},"17":{"start":{"line":44,"column":8},"end":{"line":44,"column":60}},"18":{"start":{"line":48,"column":8},"end":{"line":62,"column":11}},"19":{"start":{"line":49,"column":12},"end":{"line":61,"column":13}},"20":{"start":{"line":50,"column":28},"end":{"line":50,"column":73}},"21":{"start":{"line":51,"column":31},"end":{"line":51,"column":66}},"22":{"start":{"line":52,"column":16},"end":{"line":57,"column":17}},"23":{"start":{"line":53,"column":20},"end":{"line":53,"column":41}},"24":{"start":{"line":56,"column":20},"end":{"line":56,"column":30}},"25":{"start":{"line":60,"column":16},"end":{"line":60,"column":28}},"26":{"start":{"line":80,"column":8},"end":{"line":80,"column":20}},"27":{"start":{"line":83,"column":0},"end":{"line":83,"column":58}},"28":{"start":{"line":86,"column":8},"end":{"line":103,"column":11}},"29":{"start":{"line":87,"column":26},"end":{"line":87,"column":79}},"30":{"start":{"line":88,"column":28},"end":{"line":88,"column":61}},"31":{"start":{"line":89,"column":28},"end":{"line":92,"column":13}},"32":{"start":{"line":94,"column":24},"end":{"line":94,"column":76}},"33":{"start":{"line":95,"column":28},"end":{"line":99,"column":13}},"34":{"start":{"line":100,"column":24},"end":{"line":100,"column":78}},"35":{"start":{"line":101,"column":12},"end":{"line":101,"column":36}},"36":{"start":{"line":102,"column":12},"end":{"line":102,"column":25}},"37":{"start":{"line":108,"column":8},"end":{"line":117,"column":11}},"38":{"start":{"line":109,"column":24},"end":{"line":109,"column":52}},"39":{"start":{"line":110,"column":12},"end":{"line":116,"column":13}},"40":{"start":{"line":111,"column":16},"end":{"line":111,"column":33}},"41":{"start":{"line":112,"column":16},"end":{"line":112,"column":26}},"42":{"start":{"line":115,"column":16},"end":{"line":115,"column":28}},"43":{"start":{"line":120,"column":0},"end":{"line":120,"column":39}},"44":{"start":{"line":123,"column":8},"end":{"line":149,"column":11}},"45":{"start":{"line":124,"column":12},"end":{"line":127,"column":13}},"46":{"start":{"line":125,"column":16},"end":{"line":125,"column":175}},"47":{"start":{"line":126,"column":16},"end":{"line":126,"column":23}},"48":{"start":{"line":128,"column":32},"end":{"line":128,"column":127}},"49":{"start":{"line":129,"column":29},"end":{"line":133,"column":13}},"50":{"start":{"line":135,"column":24},"end":{"line":135,"column":76}},"51":{"start":{"line":136,"column":28},"end":{"line":138,"column":13}},"52":{"start":{"line":139,"column":24},"end":{"line":139,"column":84}},"53":{"start":{"line":140,"column":12},"end":{"line":140,"column":36}},"54":{"start":{"line":141,"column":12},"end":{"line":148,"column":15}},"55":{"start":{"line":142,"column":16},"end":{"line":147,"column":17}},"56":{"start":{"line":143,"column":20},"end":{"line":143,"column":30}},"57":{"start":{"line":146,"column":20},"end":{"line":146,"column":60}},"58":{"start":{"line":152,"column":0},"end":{"line":152,"column":60}},"59":{"start":{"line":153,"column":0},"end":{"line":153,"column":67}},"60":{"start":{"line":156,"column":8},"end":{"line":195,"column":11}},"61":{"start":{"line":161,"column":28},"end":{"line":165,"column":13}},"62":{"start":{"line":166,"column":12},"end":{"line":169,"column":13}},"63":{"start":{"line":167,"column":16},"end":{"line":167,"column":36}},"64":{"start":{"line":168,"column":16},"end":{"line":168,"column":32}},"65":{"start":{"line":170,"column":12},"end":{"line":175,"column":13}},"66":{"start":{"line":171,"column":16},"end":{"line":174,"column":17}},"67":{"start":{"line":172,"column":20},"end":{"line":172,"column":39}},"68":{"start":{"line":173,"column":20},"end":{"line":173,"column":59}},"69":{"start":{"line":176,"column":25},"end":{"line":176,"column":27}},"70":{"start":{"line":177,"column":24},"end":{"line":177,"column":71}},"71":{"start":{"line":178,"column":12},"end":{"line":178,"column":36}},"72":{"start":{"line":179,"column":12},"end":{"line":181,"column":15}},"73":{"start":{"line":180,"column":16},"end":{"line":180,"column":42}},"74":{"start":{"line":182,"column":12},"end":{"line":194,"column":15}},"75":{"start":{"line":183,"column":16},"end":{"line":193,"column":17}},"76":{"start":{"line":184,"column":20},"end":{"line":184,"column":30}},"77":{"start":{"line":187,"column":20},"end":{"line":192,"column":21}},"78":{"start":{"line":188,"column":24},"end":{"line":188,"column":50}},"79":{"start":{"line":191,"column":24},"end":{"line":191,"column":64}},"80":{"start":{"line":198,"column":0},"end":{"line":198,"column":52}},"81":{"start":{"line":201,"column":4},"end":{"line":205,"column":5}},"82":{"start":{"line":202,"column":8},"end":{"line":204,"column":9}},"83":{"start":{"line":203,"column":12},"end":{"line":203,"column":42}},"84":{"start":{"line":206,"column":4},"end":{"line":206,"column":22}}},"fnMap":{"0":{"name":"(anonymous_0)","decl":{"start":{"line":11,"column":4},"end":{"line":11,"column":5}},"loc":{"start":{"line":11,"column":48},"end":{"line":13,"column":5}},"line":11},"1":{"name":"(anonymous_1)","decl":{"start":{"line":14,"column":4},"end":{"line":14,"column":5}},"loc":{"start":{"line":14,"column":31},"end":{"line":16,"column":5}},"line":14},"2":{"name":"(anonymous_2)","decl":{"start":{"line":20,"column":4},"end":{"line":20,"column":5}},"loc":{"start":{"line":20,"column":29},"end":{"line":22,"column":5}},"line":20},"3":{"name":"(anonymous_3)","decl":{"start":{"line":23,"column":4},"end":{"line":23,"column":5}},"loc":{"start":{"line":23,"column":29},"end":{"line":39,"column":5}},"line":23},"4":{"name":"(anonymous_4)","decl":{"start":{"line":43,"column":4},"end":{"line":43,"column":5}},"loc":{"start":{"line":43,"column":41},"end":{"line":45,"column":5}},"line":43},"5":{"name":"(anonymous_5)","decl":{"start":{"line":46,"column":4},"end":{"line":46,"column":5}},"loc":{"start":{"line":46,"column":18},"end":{"line":63,"column":5}},"line":46},"6":{"name":"(anonymous_6)","decl":{"start":{"line":48,"column":27},"end":{"line":48,"column":28}},"loc":{"start":{"line":48,"column":48},"end":{"line":62,"column":9}},"line":48},"7":{"name":"(anonymous_7)","decl":{"start":{"line":64,"column":4},"end":{"line":64,"column":5}},"loc":{"start":{"line":64,"column":22},"end":{"line":81,"column":5}},"line":64},"8":{"name":"(anonymous_8)","decl":{"start":{"line":85,"column":4},"end":{"line":85,"column":5}},"loc":{"start":{"line":85,"column":41},"end":{"line":104,"column":5}},"line":85},"9":{"name":"(anonymous_9)","decl":{"start":{"line":86,"column":27},"end":{"line":86,"column":28}},"loc":{"start":{"line":86,"column":48},"end":{"line":103,"column":9}},"line":86},"10":{"name":"(anonymous_10)","decl":{"start":{"line":105,"column":4},"end":{"line":105,"column":5}},"loc":{"start":{"line":105,"column":18},"end":{"line":118,"column":5}},"line":105},"11":{"name":"(anonymous_11)","decl":{"start":{"line":108,"column":27},"end":{"line":108,"column":28}},"loc":{"start":{"line":108,"column":48},"end":{"line":117,"column":9}},"line":108},"12":{"name":"(anonymous_12)","decl":{"start":{"line":122,"column":4},"end":{"line":122,"column":5}},"loc":{"start":{"line":122,"column":41},"end":{"line":150,"column":5}},"line":122},"13":{"name":"(anonymous_13)","decl":{"start":{"line":123,"column":27},"end":{"line":123,"column":28}},"loc":{"start":{"line":123,"column":48},"end":{"line":149,"column":9}},"line":123},"14":{"name":"(anonymous_14)","decl":{"start":{"line":141,"column":27},"end":{"line":141,"column":28}},"loc":{"start":{"line":141,"column":37},"end":{"line":148,"column":13}},"line":141},"15":{"name":"(anonymous_15)","decl":{"start":{"line":155,"column":4},"end":{"line":155,"column":5}},"loc":{"start":{"line":155,"column":41},"end":{"line":196,"column":5}},"line":155},"16":{"name":"(anonymous_16)","decl":{"start":{"line":156,"column":27},"end":{"line":156,"column":28}},"loc":{"start":{"line":156,"column":48},"end":{"line":195,"column":9}},"line":156},"17":{"name":"(anonymous_17)","decl":{"start":{"line":179,"column":34},"end":{"line":179,"column":35}},"loc":{"start":{"line":179,"column":44},"end":{"line":181,"column":13}},"line":179},"18":{"name":"(anonymous_18)","decl":{"start":{"line":182,"column":27},"end":{"line":182,"column":28}},"loc":{"start":{"line":182,"column":37},"end":{"line":194,"column":13}},"line":182},"19":{"name":"extendObject","decl":{"start":{"line":200,"column":9},"end":{"line":200,"column":21}},"loc":{"start":{"line":200,"column":42},"end":{"line":207,"column":1}},"line":200}},"branchMap":{"0":{"loc":{"start":{"line":24,"column":8},"end":{"line":37,"column":9}},"type":"if","locations":[{"start":{"line":24,"column":8},"end":{"line":37,"column":9}},{"start":{"line":24,"column":8},"end":{"line":37,"column":9}}],"line":24},"1":{"loc":{"start":{"line":25,"column":12},"end":{"line":36,"column":13}},"type":"if","locations":[{"start":{"line":25,"column":12},"end":{"line":36,"column":13}},{"start":{"line":25,"column":12},"end":{"line":36,"column":13}}],"line":25},"2":{"loc":{"start":{"line":28,"column":17},"end":{"line":36,"column":13}},"type":"if","locations":[{"start":{"line":28,"column":17},"end":{"line":36,"column":13}},{"start":{"line":28,"column":17},"end":{"line":36,"column":13}}],"line":28},"3":{"loc":{"start":{"line":31,"column":17},"end":{"line":36,"column":13}},"type":"if","locations":[{"start":{"line":31,"column":17},"end":{"line":36,"column":13}},{"start":{"line":31,"column":17},"end":{"line":36,"column":13}}],"line":31},"4":{"loc":{"start":{"line":52,"column":16},"end":{"line":57,"column":17}},"type":"if","locations":[{"start":{"line":52,"column":16},"end":{"line":57,"column":17}},{"start":{"line":52,"column":16},"end":{"line":57,"column":17}}],"line":52},"5":{"loc":{"start":{"line":124,"column":12},"end":{"line":127,"column":13}},"type":"if","locations":[{"start":{"line":124,"column":12},"end":{"line":127,"column":13}},{"start":{"line":124,"column":12},"end":{"line":127,"column":13}}],"line":124},"6":{"loc":{"start":{"line":142,"column":16},"end":{"line":147,"column":17}},"type":"if","locations":[{"start":{"line":142,"column":16},"end":{"line":147,"column":17}},{"start":{"line":142,"column":16},"end":{"line":147,"column":17}}],"line":142},"7":{"loc":{"start":{"line":170,"column":12},"end":{"line":175,"column":13}},"type":"if","locations":[{"start":{"line":170,"column":12},"end":{"line":175,"column":13}},{"start":{"line":170,"column":12},"end":{"line":175,"column":13}}],"line":170},"8":{"loc":{"start":{"line":183,"column":16},"end":{"line":193,"column":17}},"type":"if","locations":[{"start":{"line":183,"column":16},"end":{"line":193,"column":17}},{"start":{"line":183,"column":16},"end":{"line":193,"column":17}}],"line":183},"9":{"loc":{"start":{"line":187,"column":20},"end":{"line":192,"column":21}},"type":"if","locations":[{"start":{"line":187,"column":20},"end":{"line":192,"column":21}},{"start":{"line":187,"column":20},"end":{"line":192,"column":21}}],"line":187},"10":{"loc":{"start":{"line":202,"column":8},"end":{"line":204,"column":9}},"type":"if","locations":[{"start":{"line":202,"column":8},"end":{"line":204,"column":9}},{"start":{"line":202,"column":8},"end":{"line":204,"column":9}}],"line":202}},"s":{"0":1,"1":1,"2":1,"3":1,"4":0,"5":0,"6":0,"7":0,"8":0,"9":0,"10":0,"11":0,"12":0,"13":0,"14":0,"15":0,"16":1,"17":0,"18":0,"19":0,"20":0,"21":0,"22":0,"23":0,"24":0,"25":0,"26":0,"27":1,"28":0,"29":0,"30":0,"31":0,"32":0,"33":0,"34":0,"35":0,"36":0,"37":0,"38":0,"39":0,"40":0,"41":0,"42":0,"43":1,"44":0,"45":0,"46":0,"47":0,"48":0,"49":0,"50":0,"51":0,"52":0,"53":0,"54":0,"55":0,"56":0,"57":0,"58":1,"59":1,"60":0,"61":0,"62":0,"63":0,"64":0,"65":0,"66":0,"67":0,"68":0,"69":0,"70":0,"71":0,"72":0,"73":0,"74":0,"75":0,"76":0,"77":0,"78":0,"79":0,"80":1,"81":0,"82":0,"83":0,"84":0},"f":{"0":0,"1":0,"2":0,"3":0,"4":0,"5":0,"6":0,"7":0,"8":0,"9":0,"10":0,"11":0,"12":0,"13":0,"14":0,"15":0,"16":0,"17":0,"18":0,"19":0},"b":{"0":[0,0],"1":[0,0],"2":[0,0],"3":[0,0],"4":[0,0],"5":[0,0],"6":[0,0],"7":[0,0],"8":[0,0],"9":[0,0],"10":[0,0]},"_coverageSchema":"332fd63041d2c1bcb487cc26dd0d5f7d97098a6c","hash":"7ec7a680364e8f3d506e9241c6039e60eb656d05","contentHash":"6a1044fba4c5d018a4798adbb82a43e8_11.0.3"},"/home/travis/build/felixfbecker/vscode-php-debug/out/paths.js":{"path":"/home/travis/build/felixfbecker/vscode-php-debug/out/paths.js","statementMap":{"0":{"start":{"line":2,"column":0},"end":{"line":2,"column":62}},"1":{"start":{"line":3,"column":20},"end":{"line":3,"column":43}},"2":{"start":{"line":4,"column":16},"end":{"line":4,"column":35}},"3":{"start":{"line":5,"column":12},"end":{"line":5,"column":26}},"4":{"start":{"line":6,"column":13},"end":{"line":6,"column":28}},"5":{"start":{"line":7,"column":20},"end":{"line":7,"column":40}},"6":{"start":{"line":10,"column":4},"end":{"line":12,"column":5}},"7":{"start":{"line":11,"column":8},"end":{"line":11,"column":37}},"8":{"start":{"line":14,"column":21},"end":{"line":14,"column":57}},"9":{"start":{"line":16,"column":28},"end":{"line":16,"column":61}},"10":{"start":{"line":17,"column":4},"end":{"line":19,"column":5}},"11":{"start":{"line":18,"column":8},"end":{"line":18,"column":42}},"12":{"start":{"line":21,"column":4},"end":{"line":29,"column":5}},"13":{"start":{"line":23,"column":41},"end":{"line":23,"column":123}},"14":{"start":{"line":25,"column":8},"end":{"line":25,"column":76}},"15":{"start":{"line":28,"column":8},"end":{"line":28,"column":47}},"16":{"start":{"line":30,"column":4},"end":{"line":30,"column":21}},"17":{"start":{"line":32,"column":0},"end":{"line":32,"column":66}},"18":{"start":{"line":35,"column":23},"end":{"line":35,"column":61}},"19":{"start":{"line":37,"column":4},"end":{"line":53,"column":5}},"20":{"start":{"line":38,"column":33},"end":{"line":38,"column":77}},"21":{"start":{"line":39,"column":8},"end":{"line":41,"column":9}},"22":{"start":{"line":40,"column":12},"end":{"line":40,"column":38}},"23":{"start":{"line":42,"column":34},"end":{"line":42,"column":79}},"24":{"start":{"line":43,"column":8},"end":{"line":45,"column":9}},"25":{"start":{"line":44,"column":12},"end":{"line":44,"column":39}},"26":{"start":{"line":47,"column":40},"end":{"line":47,"column":85}},"27":{"start":{"line":49,"column":8},"end":{"line":49,"column":82}},"28":{"start":{"line":52,"column":8},"end":{"line":52,"column":37}},"29":{"start":{"line":54,"column":4},"end":{"line":54,"column":25}},"30":{"start":{"line":56,"column":0},"end":{"line":56,"column":66}},"31":{"start":{"line":58,"column":4},"end":{"line":58,"column":48}},"32":{"start":{"line":61,"column":4},"end":{"line":67,"column":5}},"33":{"start":{"line":63,"column":8},"end":{"line":63,"column":69}},"34":{"start":{"line":66,"column":8},"end":{"line":66,"column":41}},"35":{"start":{"line":69,"column":0},"end":{"line":69,"column":30}}},"fnMap":{"0":{"name":"convertDebuggerPathToClient","decl":{"start":{"line":9,"column":9},"end":{"line":9,"column":36}},"loc":{"start":{"line":9,"column":81},"end":{"line":31,"column":1}},"line":9},"1":{"name":"convertClientPathToDebugger","decl":{"start":{"line":34,"column":9},"end":{"line":34,"column":36}},"loc":{"start":{"line":34,"column":83},"end":{"line":55,"column":1}},"line":34},"2":{"name":"isWindowsUri","decl":{"start":{"line":57,"column":9},"end":{"line":57,"column":21}},"loc":{"start":{"line":57,"column":28},"end":{"line":59,"column":1}},"line":57},"3":{"name":"isSameUri","decl":{"start":{"line":60,"column":9},"end":{"line":60,"column":18}},"loc":{"start":{"line":60,"column":43},"end":{"line":68,"column":1}},"line":60}},"branchMap":{"0":{"loc":{"start":{"line":10,"column":4},"end":{"line":12,"column":5}},"type":"if","locations":[{"start":{"line":10,"column":4},"end":{"line":12,"column":5}},{"start":{"line":10,"column":4},"end":{"line":12,"column":5}}],"line":10},"1":{"loc":{"start":{"line":17,"column":4},"end":{"line":19,"column":5}},"type":"if","locations":[{"start":{"line":17,"column":4},"end":{"line":19,"column":5}},{"start":{"line":17,"column":4},"end":{"line":19,"column":5}}],"line":17},"2":{"loc":{"start":{"line":21,"column":4},"end":{"line":29,"column":5}},"type":"if","locations":[{"start":{"line":21,"column":4},"end":{"line":29,"column":5}},{"start":{"line":21,"column":4},"end":{"line":29,"column":5}}],"line":21},"3":{"loc":{"start":{"line":21,"column":8},"end":{"line":21,"column":43}},"type":"binary-expr","locations":[{"start":{"line":21,"column":8},"end":{"line":21,"column":24}},{"start":{"line":21,"column":28},"end":{"line":21,"column":43}}],"line":21},"4":{"loc":{"start":{"line":23,"column":42},"end":{"line":23,"column":83}},"type":"cond-expr","locations":[{"start":{"line":23,"column":60},"end":{"line":23,"column":70}},{"start":{"line":23,"column":73},"end":{"line":23,"column":83}}],"line":23},"5":{"loc":{"start":{"line":37,"column":4},"end":{"line":53,"column":5}},"type":"if","locations":[{"start":{"line":37,"column":4},"end":{"line":53,"column":5}},{"start":{"line":37,"column":4},"end":{"line":53,"column":5}}],"line":37},"6":{"loc":{"start":{"line":37,"column":8},"end":{"line":37,"column":43}},"type":"binary-expr","locations":[{"start":{"line":37,"column":8},"end":{"line":37,"column":24}},{"start":{"line":37,"column":28},"end":{"line":37,"column":43}}],"line":37},"7":{"loc":{"start":{"line":39,"column":8},"end":{"line":41,"column":9}},"type":"if","locations":[{"start":{"line":39,"column":8},"end":{"line":41,"column":9}},{"start":{"line":39,"column":8},"end":{"line":41,"column":9}}],"line":39},"8":{"loc":{"start":{"line":43,"column":8},"end":{"line":45,"column":9}},"type":"if","locations":[{"start":{"line":43,"column":8},"end":{"line":45,"column":9}},{"start":{"line":43,"column":8},"end":{"line":45,"column":9}}],"line":43},"9":{"loc":{"start":{"line":61,"column":4},"end":{"line":67,"column":5}},"type":"if","locations":[{"start":{"line":61,"column":4},"end":{"line":67,"column":5}},{"start":{"line":61,"column":4},"end":{"line":67,"column":5}}],"line":61},"10":{"loc":{"start":{"line":61,"column":8},"end":{"line":61,"column":60}},"type":"binary-expr","locations":[{"start":{"line":61,"column":8},"end":{"line":61,"column":31}},{"start":{"line":61,"column":35},"end":{"line":61,"column":60}}],"line":61}},"s":{"0":1,"1":1,"2":1,"3":1,"4":1,"5":1,"6":4,"7":4,"8":4,"9":4,"10":4,"11":0,"12":4,"13":0,"14":0,"15":4,"16":4,"17":1,"18":0,"19":0,"20":0,"21":0,"22":0,"23":0,"24":0,"25":0,"26":0,"27":0,"28":0,"29":0,"30":1,"31":0,"32":0,"33":0,"34":0,"35":1},"f":{"0":4,"1":0,"2":0,"3":0},"b":{"0":[4,0],"1":[0,4],"2":[0,4],"3":[4,0],"4":[0,0],"5":[0,0],"6":[0,0],"7":[0,0],"8":[0,0],"9":[0,0],"10":[0,0]},"_coverageSchema":"332fd63041d2c1bcb487cc26dd0d5f7d97098a6c","hash":"c7d9f1c59d2824bd4430ede3f12e521744f7103c","contentHash":"bc93ad82a12a00dd901da6b62157f26e_11.0.3"}}